{"C:\\Repos\\sounds-bored\\src\\assets\\brick-overlay.png": {"path":"C:\\Repos\\sounds-bored\\src\\assets\\brick-overlay.png","statementMap":{},"fnMap":{},"branchMap":{},"s":{},"f":{},"b":{},"meta":{"lastBranch":0,"lastFunction":0,"lastStatement":0,"seen":{}}}
,"C:\\Repos\\sounds-bored\\src\\assets\\guywithtorch.gif": {"path":"C:\\Repos\\sounds-bored\\src\\assets\\guywithtorch.gif","statementMap":{},"fnMap":{},"branchMap":{},"s":{},"f":{},"b":{},"meta":{"lastBranch":0,"lastFunction":0,"lastStatement":0,"seen":{}}}
,"C:\\Repos\\sounds-bored\\src\\assets\\handsigil.png": {"path":"C:\\Repos\\sounds-bored\\src\\assets\\handsigil.png","statementMap":{},"fnMap":{},"branchMap":{},"s":{},"f":{},"b":{},"meta":{"lastBranch":0,"lastFunction":0,"lastStatement":0,"seen":{}}}
,"C:\\Repos\\sounds-bored\\src\\assets\\sleeping knight-emblem.gif": {"path":"C:\\Repos\\sounds-bored\\src\\assets\\sleeping knight-emblem.gif","statementMap":{},"fnMap":{},"branchMap":{},"s":{},"f":{},"b":{},"meta":{"lastBranch":0,"lastFunction":0,"lastStatement":0,"seen":{}}}
,"C:\\Repos\\sounds-bored\\src\\components\\composite\\DownloadManager\\DownloadItem.tsx": {"path":"C:\\Repos\\sounds-bored\\src\\components\\composite\\DownloadManager\\DownloadItem.tsx","statementMap":{"0":{"start":{"line":21,"column":2},"end":{"line":24,"column":null}},"1":{"start":{"line":22,"column":21},"end":{"line":22,"column":null}},"2":{"start":{"line":23,"column":4},"end":{"line":23,"column":null}},"3":{"start":{"line":25,"column":2},"end":{"line":25,"column":null}},"4":{"start":{"line":29,"column":8},"end":{"line":29,"column":null}},"5":{"start":{"line":30,"column":28},"end":{"line":30,"column":null}},"6":{"start":{"line":32,"column":2},"end":{"line":45,"column":null}},"7":{"start":{"line":33,"column":4},"end":{"line":37,"column":null}},"8":{"start":{"line":34,"column":6},"end":{"line":34,"column":null}},"9":{"start":{"line":35,"column":6},"end":{"line":35,"column":null}},"10":{"start":{"line":36,"column":6},"end":{"line":36,"column":null}},"11":{"start":{"line":38,"column":4},"end":{"line":40,"column":null}},"12":{"start":{"line":39,"column":6},"end":{"line":39,"column":null}},"13":{"start":{"line":41,"column":15},"end":{"line":43,"column":null}},"14":{"start":{"line":42,"column":6},"end":{"line":42,"column":null}},"15":{"start":{"line":44,"column":4},"end":{"line":44,"column":null}},"16":{"start":{"line":44,"column":17},"end":{"line":44,"column":null}},"17":{"start":{"line":47,"column":2},"end":{"line":47,"column":null}},"18":{"start":{"line":47,"column":15},"end":{"line":47,"column":null}},"19":{"start":{"line":48,"column":12},"end":{"line":48,"column":null}},"20":{"start":{"line":49,"column":12},"end":{"line":49,"column":null}},"21":{"start":{"line":50,"column":2},"end":{"line":50,"column":null}},"22":{"start":{"line":54,"column":58},"end":{"line":55,"column":null}},"23":{"start":{"line":58,"column":4},"end":{"line":60,"column":null}},"24":{"start":{"line":62,"column":18},"end":{"line":62,"column":null}},"25":{"start":{"line":64,"column":22},"end":{"line":64,"column":null}},"26":{"start":{"line":66,"column":2},"end":{"line":167,"column":null}},"27":{"start":{"line":158,"column":29},"end":{"line":158,"column":null}}},"fnMap":{"0":{"name":"getDisplayName","decl":{"start":{"line":20,"column":9},"end":{"line":20,"column":24}},"loc":{"start":{"line":20,"column":50},"end":{"line":26,"column":null}},"line":20},"1":{"name":"useElapsedTime","decl":{"start":{"line":28,"column":9},"end":{"line":28,"column":24}},"loc":{"start":{"line":28,"column":49},"end":{"line":51,"column":null}},"line":28},"2":{"name":"(anonymous_2)","decl":{"start":{"line":32,"column":12},"end":{"line":32,"column":18}},"loc":{"start":{"line":32,"column":18},"end":{"line":45,"column":5}},"line":32},"3":{"name":"(anonymous_3)","decl":{"start":{"line":41,"column":27},"end":{"line":41,"column":33}},"loc":{"start":{"line":41,"column":33},"end":{"line":43,"column":7}},"line":41},"4":{"name":"(anonymous_4)","decl":{"start":{"line":44,"column":11},"end":{"line":44,"column":17}},"loc":{"start":{"line":44,"column":17},"end":{"line":44,"column":null}},"line":44},"5":{"name":"DownloadItem","decl":{"start":{"line":53,"column":16},"end":{"line":53,"column":29}},"loc":{"start":{"line":53,"column":57},"end":{"line":169,"column":null}},"line":53},"6":{"name":"(anonymous_6)","decl":{"start":{"line":158,"column":23},"end":{"line":158,"column":29}},"loc":{"start":{"line":158,"column":29},"end":{"line":158,"column":null}},"line":158}},"branchMap":{"0":{"loc":{"start":{"line":21,"column":2},"end":{"line":24,"column":null}},"type":"if","locations":[{"start":{"line":21,"column":2},"end":{"line":24,"column":null}},{"start":{},"end":{}}],"line":21},"1":{"loc":{"start":{"line":23,"column":11},"end":{"line":23,"column":null}},"type":"binary-expr","locations":[{"start":{"line":23,"column":11},"end":{"line":23,"column":44}},{"start":{"line":23,"column":44},"end":{"line":23,"column":null}}],"line":23},"2":{"loc":{"start":{"line":33,"column":4},"end":{"line":37,"column":null}},"type":"if","locations":[{"start":{"line":33,"column":4},"end":{"line":37,"column":null}},{"start":{},"end":{}}],"line":33},"3":{"loc":{"start":{"line":38,"column":4},"end":{"line":40,"column":null}},"type":"if","locations":[{"start":{"line":38,"column":4},"end":{"line":40,"column":null}},{"start":{},"end":{}}],"line":38},"4":{"loc":{"start":{"line":47,"column":2},"end":{"line":47,"column":null}},"type":"if","locations":[{"start":{"line":47,"column":2},"end":{"line":47,"column":null}},{"start":{},"end":{}}],"line":47},"5":{"loc":{"start":{"line":50,"column":9},"end":{"line":50,"column":null}},"type":"cond-expr","locations":[{"start":{"line":50,"column":17},"end":{"line":50,"column":33}},{"start":{"line":50,"column":33},"end":{"line":50,"column":null}}],"line":50},"6":{"loc":{"start":{"line":58,"column":4},"end":{"line":60,"column":null}},"type":"binary-expr","locations":[{"start":{"line":58,"column":4},"end":{"line":58,"column":null}},{"start":{"line":59,"column":4},"end":{"line":59,"column":null}},{"start":{"line":60,"column":4},"end":{"line":60,"column":null}}],"line":58},"7":{"loc":{"start":{"line":69,"column":9},"end":{"line":74,"column":null}},"type":"binary-expr","locations":[{"start":{"line":69,"column":9},"end":{"line":69,"column":null}},{"start":{"line":70,"column":10},"end":{"line":74,"column":null}}],"line":69},"8":{"loc":{"start":{"line":76,"column":9},"end":{"line":81,"column":null}},"type":"binary-expr","locations":[{"start":{"line":76,"column":9},"end":{"line":76,"column":null}},{"start":{"line":77,"column":10},"end":{"line":81,"column":null}}],"line":76},"9":{"loc":{"start":{"line":83,"column":9},"end":{"line":88,"column":null}},"type":"binary-expr","locations":[{"start":{"line":83,"column":9},"end":{"line":83,"column":null}},{"start":{"line":84,"column":10},"end":{"line":88,"column":null}}],"line":83},"10":{"loc":{"start":{"line":90,"column":9},"end":{"line":95,"column":null}},"type":"binary-expr","locations":[{"start":{"line":90,"column":9},"end":{"line":90,"column":null}},{"start":{"line":91,"column":10},"end":{"line":95,"column":null}}],"line":90},"11":{"loc":{"start":{"line":97,"column":9},"end":{"line":102,"column":null}},"type":"binary-expr","locations":[{"start":{"line":97,"column":9},"end":{"line":97,"column":null}},{"start":{"line":98,"column":10},"end":{"line":102,"column":null}}],"line":97},"12":{"loc":{"start":{"line":104,"column":9},"end":{"line":109,"column":null}},"type":"binary-expr","locations":[{"start":{"line":104,"column":9},"end":{"line":104,"column":null}},{"start":{"line":105,"column":10},"end":{"line":109,"column":null}}],"line":104},"13":{"loc":{"start":{"line":117,"column":12},"end":{"line":119,"column":null}},"type":"cond-expr","locations":[{"start":{"line":118,"column":16},"end":{"line":118,"column":null}},{"start":{"line":119,"column":16},"end":{"line":119,"column":null}}],"line":117},"14":{"loc":{"start":{"line":117,"column":12},"end":{"line":117,"column":null}},"type":"binary-expr","locations":[{"start":{"line":117,"column":12},"end":{"line":117,"column":42}},{"start":{"line":117,"column":42},"end":{"line":117,"column":null}}],"line":117},"15":{"loc":{"start":{"line":125,"column":9},"end":{"line":126,"column":null}},"type":"binary-expr","locations":[{"start":{"line":125,"column":9},"end":{"line":125,"column":null}},{"start":{"line":126,"column":10},"end":{"line":126,"column":null}}],"line":125},"16":{"loc":{"start":{"line":128,"column":9},"end":{"line":136,"column":null}},"type":"binary-expr","locations":[{"start":{"line":128,"column":9},"end":{"line":128,"column":null}},{"start":{"line":129,"column":10},"end":{"line":136,"column":null}}],"line":128},"17":{"loc":{"start":{"line":133,"column":15},"end":{"line":133,"column":null}},"type":"cond-expr","locations":[{"start":{"line":133,"column":27},"end":{"line":133,"column":47}},{"start":{"line":133,"column":47},"end":{"line":133,"column":null}}],"line":133},"18":{"loc":{"start":{"line":134,"column":15},"end":{"line":134,"column":null}},"type":"cond-expr","locations":[{"start":{"line":134,"column":48},"end":{"line":134,"column":70}},{"start":{"line":134,"column":70},"end":{"line":134,"column":null}}],"line":134},"19":{"loc":{"start":{"line":134,"column":15},"end":{"line":134,"column":48}},"type":"binary-expr","locations":[{"start":{"line":134,"column":15},"end":{"line":134,"column":26}},{"start":{"line":134,"column":26},"end":{"line":134,"column":48}}],"line":134},"20":{"loc":{"start":{"line":138,"column":9},"end":{"line":141,"column":null}},"type":"binary-expr","locations":[{"start":{"line":138,"column":9},"end":{"line":138,"column":null}},{"start":{"line":139,"column":10},"end":{"line":141,"column":null}}],"line":138},"21":{"loc":{"start":{"line":140,"column":30},"end":{"line":140,"column":null}},"type":"cond-expr","locations":[{"start":{"line":140,"column":40},"end":{"line":140,"column":58}},{"start":{"line":140,"column":58},"end":{"line":140,"column":null}}],"line":140},"22":{"loc":{"start":{"line":143,"column":9},"end":{"line":144,"column":null}},"type":"binary-expr","locations":[{"start":{"line":143,"column":9},"end":{"line":143,"column":36}},{"start":{"line":143,"column":36},"end":{"line":143,"column":null}},{"start":{"line":144,"column":10},"end":{"line":144,"column":null}}],"line":143},"23":{"loc":{"start":{"line":146,"column":9},"end":{"line":147,"column":null}},"type":"binary-expr","locations":[{"start":{"line":146,"column":9},"end":{"line":146,"column":null}},{"start":{"line":147,"column":10},"end":{"line":147,"column":null}}],"line":146},"24":{"loc":{"start":{"line":151,"column":7},"end":{"line":165,"column":null}},"type":"binary-expr","locations":[{"start":{"line":151,"column":7},"end":{"line":151,"column":null}},{"start":{"line":152,"column":8},"end":{"line":165,"column":null}}],"line":151}},"s":{"0":0,"1":0,"2":0,"3":0,"4":0,"5":0,"6":0,"7":0,"8":0,"9":0,"10":0,"11":0,"12":0,"13":0,"14":0,"15":0,"16":0,"17":0,"18":0,"19":0,"20":0,"21":0,"22":0,"23":0,"24":0,"25":0,"26":0,"27":0},"f":{"0":0,"1":0,"2":0,"3":0,"4":0,"5":0,"6":0},"b":{"0":[0,0],"1":[0,0],"2":[0,0],"3":[0,0],"4":[0,0],"5":[0,0],"6":[0,0,0],"7":[0,0],"8":[0,0],"9":[0,0],"10":[0,0],"11":[0,0],"12":[0,0],"13":[0,0],"14":[0,0],"15":[0,0],"16":[0,0],"17":[0,0],"18":[0,0],"19":[0,0],"20":[0,0],"21":[0,0],"22":[0,0,0],"23":[0,0],"24":[0,0]},"meta":{"lastBranch":25,"lastFunction":7,"lastStatement":28,"seen":{"f:20:9:20:24":0,"b:21:2:24:Infinity:undefined:undefined:undefined:undefined":0,"s:21:2:24:Infinity":0,"s:22:21:22:Infinity":1,"s:23:4:23:Infinity":2,"b:23:11:23:44:23:44:23:Infinity":1,"s:25:2:25:Infinity":3,"f:28:9:28:24":1,"s:29:8:29:Infinity":4,"s:30:28:30:Infinity":5,"s:32:2:45:Infinity":6,"f:32:12:32:18":2,"b:33:4:37:Infinity:undefined:undefined:undefined:undefined":2,"s:33:4:37:Infinity":7,"s:34:6:34:Infinity":8,"s:35:6:35:Infinity":9,"s:36:6:36:Infinity":10,"b:38:4:40:Infinity:undefined:undefined:undefined:undefined":3,"s:38:4:40:Infinity":11,"s:39:6:39:Infinity":12,"s:41:15:43:Infinity":13,"f:41:27:41:33":3,"s:42:6:42:Infinity":14,"s:44:4:44:Infinity":15,"f:44:11:44:17":4,"s:44:17:44:Infinity":16,"b:47:2:47:Infinity:undefined:undefined:undefined:undefined":4,"s:47:2:47:Infinity":17,"s:47:15:47:Infinity":18,"s:48:12:48:Infinity":19,"s:49:12:49:Infinity":20,"s:50:2:50:Infinity":21,"b:50:17:50:33:50:33:50:Infinity":5,"f:53:16:53:29":5,"s:54:58:55:Infinity":22,"s:58:4:60:Infinity":23,"b:58:4:58:Infinity:59:4:59:Infinity:60:4:60:Infinity":6,"s:62:18:62:Infinity":24,"s:64:22:64:Infinity":25,"s:66:2:167:Infinity":26,"b:69:9:69:Infinity:70:10:74:Infinity":7,"b:76:9:76:Infinity:77:10:81:Infinity":8,"b:83:9:83:Infinity:84:10:88:Infinity":9,"b:90:9:90:Infinity:91:10:95:Infinity":10,"b:97:9:97:Infinity:98:10:102:Infinity":11,"b:104:9:104:Infinity:105:10:109:Infinity":12,"b:118:16:118:Infinity:119:16:119:Infinity":13,"b:117:12:117:42:117:42:117:Infinity":14,"b:125:9:125:Infinity:126:10:126:Infinity":15,"b:128:9:128:Infinity:129:10:136:Infinity":16,"b:133:27:133:47:133:47:133:Infinity":17,"b:134:48:134:70:134:70:134:Infinity":18,"b:134:15:134:26:134:26:134:48":19,"b:138:9:138:Infinity:139:10:141:Infinity":20,"b:140:40:140:58:140:58:140:Infinity":21,"b:143:9:143:36:143:36:143:Infinity:144:10:144:Infinity":22,"b:146:9:146:Infinity:147:10:147:Infinity":23,"b:151:7:151:Infinity:152:8:165:Infinity":24,"f:158:23:158:29":6,"s:158:29:158:Infinity":27}}}
,"C:\\Repos\\sounds-bored\\src\\components\\composite\\PadConfigDrawer\\LayerAccordion.tsx": {"path":"C:\\Repos\\sounds-bored\\src\\components\\composite\\PadConfigDrawer\\LayerAccordion.tsx","statementMap":{"0":{"start":{"line":51,"column":2},"end":{"line":51,"column":null}},"1":{"start":{"line":53,"column":8},"end":{"line":53,"column":null}},"2":{"start":{"line":56,"column":18},"end":{"line":59,"column":null}},"3":{"start":{"line":57,"column":4},"end":{"line":57,"column":null}},"4":{"start":{"line":58,"column":5},"end":{"line":58,"column":null}},"5":{"start":{"line":61,"column":16},"end":{"line":65,"column":null}},"6":{"start":{"line":68,"column":2},"end":{"line":75,"column":null}},"7":{"start":{"line":69,"column":4},"end":{"line":69,"column":null}},"8":{"start":{"line":69,"column":42},"end":{"line":69,"column":null}},"9":{"start":{"line":70,"column":18},"end":{"line":73,"column":null}},"10":{"start":{"line":71,"column":6},"end":{"line":71,"column":null}},"11":{"start":{"line":72,"column":6},"end":{"line":72,"column":null}},"12":{"start":{"line":74,"column":4},"end":{"line":74,"column":null}},"13":{"start":{"line":74,"column":17},"end":{"line":74,"column":null}},"14":{"start":{"line":77,"column":2},"end":{"line":128,"column":null}},"15":{"start":{"line":133,"column":18},"end":{"line":133,"column":null}},"16":{"start":{"line":134,"column":39},"end":{"line":138,"column":null}},"17":{"start":{"line":142,"column":26},"end":{"line":144,"column":null}},"18":{"start":{"line":147,"column":44},"end":{"line":147,"column":null}},"19":{"start":{"line":148,"column":8},"end":{"line":148,"column":null}},"20":{"start":{"line":151,"column":21},"end":{"line":151,"column":null}},"21":{"start":{"line":151,"column":39},"end":{"line":151,"column":46}},"22":{"start":{"line":155,"column":2},"end":{"line":165,"column":null}},"23":{"start":{"line":156,"column":4},"end":{"line":159,"column":null}},"24":{"start":{"line":157,"column":6},"end":{"line":157,"column":null}},"25":{"start":{"line":158,"column":6},"end":{"line":158,"column":null}},"26":{"start":{"line":160,"column":24},"end":{"line":160,"column":null}},"27":{"start":{"line":160,"column":43},"end":{"line":160,"column":61}},"28":{"start":{"line":161,"column":4},"end":{"line":163,"column":null}},"29":{"start":{"line":162,"column":6},"end":{"line":162,"column":null}},"30":{"start":{"line":168,"column":2},"end":{"line":175,"column":null}},"31":{"start":{"line":169,"column":4},"end":{"line":173,"column":null}},"32":{"start":{"line":170,"column":23},"end":{"line":170,"column":null}},"33":{"start":{"line":171,"column":6},"end":{"line":171,"column":null}},"34":{"start":{"line":172,"column":6},"end":{"line":172,"column":null}},"35":{"start":{"line":174,"column":4},"end":{"line":174,"column":null}},"36":{"start":{"line":178,"column":4},"end":{"line":178,"column":null}},"37":{"start":{"line":182,"column":29},"end":{"line":182,"column":null}},"38":{"start":{"line":183,"column":4},"end":{"line":183,"column":null}},"39":{"start":{"line":183,"column":40},"end":{"line":183,"column":null}},"40":{"start":{"line":184,"column":17},"end":{"line":184,"column":null}},"41":{"start":{"line":184,"column":41},"end":{"line":184,"column":62}},"42":{"start":{"line":185,"column":15},"end":{"line":185,"column":null}},"43":{"start":{"line":185,"column":39},"end":{"line":185,"column":58}},"44":{"start":{"line":186,"column":4},"end":{"line":186,"column":null}},"45":{"start":{"line":186,"column":34},"end":{"line":186,"column":null}},"46":{"start":{"line":189,"column":8},"end":{"line":189,"column":null}},"47":{"start":{"line":189,"column":33},"end":{"line":189,"column":72}},"48":{"start":{"line":191,"column":2},"end":{"line":224,"column":null}},"49":{"start":{"line":200,"column":14},"end":{"line":210,"column":null}},"50":{"start":{"line":205,"column":32},"end":{"line":205,"column":null}},"51":{"start":{"line":207,"column":40},"end":{"line":207,"column":null}},"52":{"start":{"line":209,"column":40},"end":{"line":209,"column":null}},"53":{"start":{"line":219,"column":23},"end":{"line":219,"column":null}}},"fnMap":{"0":{"name":"SortableLayerItem","decl":{"start":{"line":34,"column":9},"end":{"line":34,"column":27}},"loc":{"start":{"line":43,"column":27},"end":{"line":130,"column":null}},"line":43},"1":{"name":"(anonymous_1)","decl":{"start":{"line":56,"column":18},"end":{"line":56,"column":19}},"loc":{"start":{"line":56,"column":49},"end":{"line":59,"column":null}},"line":56},"2":{"name":"(anonymous_2)","decl":{"start":{"line":68,"column":12},"end":{"line":68,"column":18}},"loc":{"start":{"line":68,"column":18},"end":{"line":75,"column":5}},"line":68},"3":{"name":"(anonymous_3)","decl":{"start":{"line":70,"column":29},"end":{"line":70,"column":35}},"loc":{"start":{"line":70,"column":35},"end":{"line":73,"column":7}},"line":70},"4":{"name":"(anonymous_4)","decl":{"start":{"line":74,"column":11},"end":{"line":74,"column":17}},"loc":{"start":{"line":74,"column":17},"end":{"line":74,"column":null}},"line":74},"5":{"name":"LayerAccordion","decl":{"start":{"line":132,"column":16},"end":{"line":132,"column":33}},"loc":{"start":{"line":132,"column":33},"end":{"line":226,"column":null}},"line":132},"6":{"name":"(anonymous_6)","decl":{"start":{"line":151,"column":32},"end":{"line":151,"column":33}},"loc":{"start":{"line":151,"column":39},"end":{"line":151,"column":46}},"line":151},"7":{"name":"(anonymous_7)","decl":{"start":{"line":155,"column":12},"end":{"line":155,"column":18}},"loc":{"start":{"line":155,"column":18},"end":{"line":165,"column":5}},"line":155},"8":{"name":"(anonymous_8)","decl":{"start":{"line":160,"column":36},"end":{"line":160,"column":37}},"loc":{"start":{"line":160,"column":43},"end":{"line":160,"column":61}},"line":160},"9":{"name":"(anonymous_9)","decl":{"start":{"line":168,"column":12},"end":{"line":168,"column":18}},"loc":{"start":{"line":168,"column":18},"end":{"line":175,"column":5}},"line":168},"10":{"name":"handleOpenChange","decl":{"start":{"line":177,"column":11},"end":{"line":177,"column":28}},"loc":{"start":{"line":177,"column":55},"end":{"line":179,"column":null}},"line":177},"11":{"name":"handleDragEnd","decl":{"start":{"line":181,"column":11},"end":{"line":181,"column":25}},"loc":{"start":{"line":181,"column":46},"end":{"line":187,"column":null}},"line":181},"12":{"name":"(anonymous_12)","decl":{"start":{"line":184,"column":34},"end":{"line":184,"column":35}},"loc":{"start":{"line":184,"column":41},"end":{"line":184,"column":62}},"line":184},"13":{"name":"(anonymous_13)","decl":{"start":{"line":185,"column":32},"end":{"line":185,"column":33}},"loc":{"start":{"line":185,"column":39},"end":{"line":185,"column":58}},"line":185},"14":{"name":"(anonymous_14)","decl":{"start":{"line":189,"column":27},"end":{"line":189,"column":33}},"loc":{"start":{"line":189,"column":33},"end":{"line":189,"column":72}},"line":189},"15":{"name":"(anonymous_15)","decl":{"start":{"line":199,"column":24},"end":{"line":199,"column":25}},"loc":{"start":{"line":200,"column":14},"end":{"line":210,"column":null}},"line":200},"16":{"name":"(anonymous_16)","decl":{"start":{"line":205,"column":26},"end":{"line":205,"column":32}},"loc":{"start":{"line":205,"column":32},"end":{"line":205,"column":null}},"line":205},"17":{"name":"(anonymous_17)","decl":{"start":{"line":207,"column":30},"end":{"line":207,"column":31}},"loc":{"start":{"line":207,"column":40},"end":{"line":207,"column":null}},"line":207},"18":{"name":"(anonymous_18)","decl":{"start":{"line":209,"column":34},"end":{"line":209,"column":40}},"loc":{"start":{"line":209,"column":40},"end":{"line":209,"column":null}},"line":209},"19":{"name":"(anonymous_19)","decl":{"start":{"line":219,"column":17},"end":{"line":219,"column":23}},"loc":{"start":{"line":219,"column":23},"end":{"line":219,"column":null}},"line":219}},"branchMap":{"0":{"loc":{"start":{"line":64,"column":13},"end":{"line":64,"column":null}},"type":"cond-expr","locations":[{"start":{"line":64,"column":26},"end":{"line":64,"column":32}},{"start":{"line":64,"column":32},"end":{"line":64,"column":null}}],"line":64},"1":{"loc":{"start":{"line":69,"column":4},"end":{"line":69,"column":null}},"type":"if","locations":[{"start":{"line":69,"column":4},"end":{"line":69,"column":null}},{"start":{},"end":{}}],"line":69},"2":{"loc":{"start":{"line":69,"column":8},"end":{"line":69,"column":42}},"type":"binary-expr","locations":[{"start":{"line":69,"column":8},"end":{"line":69,"column":33}},{"start":{"line":69,"column":33},"end":{"line":69,"column":42}}],"line":69},"3":{"loc":{"start":{"line":81,"column":15},"end":{"line":81,"column":null}},"type":"cond-expr","locations":[{"start":{"line":81,"column":28},"end":{"line":81,"column":36}},{"start":{"line":81,"column":36},"end":{"line":81,"column":null}}],"line":81},"4":{"loc":{"start":{"line":143,"column":4},"end":{"line":143,"column":null}},"type":"cond-expr","locations":[{"start":{"line":143,"column":24},"end":{"line":143,"column":42}},{"start":{"line":143,"column":42},"end":{"line":143,"column":null}}],"line":143},"5":{"loc":{"start":{"line":156,"column":4},"end":{"line":159,"column":null}},"type":"if","locations":[{"start":{"line":156,"column":4},"end":{"line":159,"column":null}},{"start":{},"end":{}}],"line":156},"6":{"loc":{"start":{"line":161,"column":4},"end":{"line":163,"column":null}},"type":"if","locations":[{"start":{"line":161,"column":4},"end":{"line":163,"column":null}},{"start":{},"end":{}}],"line":161},"7":{"loc":{"start":{"line":169,"column":4},"end":{"line":173,"column":null}},"type":"if","locations":[{"start":{"line":169,"column":4},"end":{"line":173,"column":null}},{"start":{},"end":{}}],"line":169},"8":{"loc":{"start":{"line":169,"column":8},"end":{"line":169,"column":68}},"type":"binary-expr","locations":[{"start":{"line":169,"column":8},"end":{"line":169,"column":49}},{"start":{"line":169,"column":49},"end":{"line":169,"column":68}}],"line":169},"9":{"loc":{"start":{"line":178,"column":14},"end":{"line":178,"column":30}},"type":"cond-expr","locations":[{"start":{"line":178,"column":21},"end":{"line":178,"column":26}},{"start":{"line":178,"column":26},"end":{"line":178,"column":30}}],"line":178},"10":{"loc":{"start":{"line":183,"column":4},"end":{"line":183,"column":null}},"type":"if","locations":[{"start":{"line":183,"column":4},"end":{"line":183,"column":null}},{"start":{},"end":{}}],"line":183},"11":{"loc":{"start":{"line":183,"column":8},"end":{"line":183,"column":40}},"type":"binary-expr","locations":[{"start":{"line":183,"column":8},"end":{"line":183,"column":17}},{"start":{"line":183,"column":17},"end":{"line":183,"column":40}}],"line":183},"12":{"loc":{"start":{"line":186,"column":4},"end":{"line":186,"column":null}},"type":"if","locations":[{"start":{"line":186,"column":4},"end":{"line":186,"column":null}},{"start":{},"end":{}}],"line":186},"13":{"loc":{"start":{"line":186,"column":8},"end":{"line":186,"column":34}},"type":"binary-expr","locations":[{"start":{"line":186,"column":8},"end":{"line":186,"column":23}},{"start":{"line":186,"column":23},"end":{"line":186,"column":34}}],"line":186}},"s":{"0":126,"1":126,"2":126,"3":136,"4":136,"5":126,"6":126,"7":126,"8":123,"9":3,"10":0,"11":0,"12":3,"13":3,"14":126,"15":104,"16":104,"17":104,"18":104,"19":104,"20":104,"21":126,"22":104,"23":46,"24":0,"25":0,"26":46,"27":46,"28":46,"29":9,"30":104,"31":39,"32":3,"33":3,"34":3,"35":39,"36":0,"37":0,"38":0,"39":0,"40":0,"41":0,"42":0,"43":0,"44":0,"45":0,"46":104,"47":46,"48":104,"49":126,"50":3,"51":0,"52":0,"53":3},"f":{"0":126,"1":136,"2":126,"3":0,"4":3,"5":104,"6":126,"7":46,"8":46,"9":39,"10":0,"11":0,"12":0,"13":0,"14":46,"15":126,"16":3,"17":0,"18":0,"19":3},"b":{"0":[0,126],"1":[123,3],"2":[126,3],"3":[0,126],"4":[104,0],"5":[0,46],"6":[9,37],"7":[3,36],"8":[39,3],"9":[0,0],"10":[0,0],"11":[0,0],"12":[0,0],"13":[0,0]},"meta":{"lastBranch":14,"lastFunction":20,"lastStatement":54,"seen":{"f:34:9:34:27":0,"s:51:2:51:Infinity":0,"s:53:8:53:Infinity":1,"s:56:18:59:Infinity":2,"f:56:18:56:19":1,"s:57:4:57:Infinity":3,"s:58:5:58:Infinity":4,"s:61:16:65:Infinity":5,"b:64:26:64:32:64:32:64:Infinity":0,"s:68:2:75:Infinity":6,"f:68:12:68:18":2,"b:69:4:69:Infinity:undefined:undefined:undefined:undefined":1,"s:69:4:69:Infinity":7,"b:69:8:69:33:69:33:69:42":2,"s:69:42:69:Infinity":8,"s:70:18:73:Infinity":9,"f:70:29:70:35":3,"s:71:6:71:Infinity":10,"s:72:6:72:Infinity":11,"s:74:4:74:Infinity":12,"f:74:11:74:17":4,"s:74:17:74:Infinity":13,"s:77:2:128:Infinity":14,"b:81:28:81:36:81:36:81:Infinity":3,"f:132:16:132:33":5,"s:133:18:133:Infinity":15,"s:134:39:138:Infinity":16,"s:142:26:144:Infinity":17,"b:143:24:143:42:143:42:143:Infinity":4,"s:147:44:147:Infinity":18,"s:148:8:148:Infinity":19,"s:151:21:151:Infinity":20,"f:151:32:151:33":6,"s:151:39:151:46":21,"s:155:2:165:Infinity":22,"f:155:12:155:18":7,"b:156:4:159:Infinity:undefined:undefined:undefined:undefined":5,"s:156:4:159:Infinity":23,"s:157:6:157:Infinity":24,"s:158:6:158:Infinity":25,"s:160:24:160:Infinity":26,"f:160:36:160:37":8,"s:160:43:160:61":27,"b:161:4:163:Infinity:undefined:undefined:undefined:undefined":6,"s:161:4:163:Infinity":28,"s:162:6:162:Infinity":29,"s:168:2:175:Infinity":30,"f:168:12:168:18":9,"b:169:4:173:Infinity:undefined:undefined:undefined:undefined":7,"s:169:4:173:Infinity":31,"b:169:8:169:49:169:49:169:68":8,"s:170:23:170:Infinity":32,"s:171:6:171:Infinity":33,"s:172:6:172:Infinity":34,"s:174:4:174:Infinity":35,"f:177:11:177:28":10,"s:178:4:178:Infinity":36,"b:178:21:178:26:178:26:178:30":9,"f:181:11:181:25":11,"s:182:29:182:Infinity":37,"b:183:4:183:Infinity:undefined:undefined:undefined:undefined":10,"s:183:4:183:Infinity":38,"b:183:8:183:17:183:17:183:40":11,"s:183:40:183:Infinity":39,"s:184:17:184:Infinity":40,"f:184:34:184:35":12,"s:184:41:184:62":41,"s:185:15:185:Infinity":42,"f:185:32:185:33":13,"s:185:39:185:58":43,"b:186:4:186:Infinity:undefined:undefined:undefined:undefined":12,"s:186:4:186:Infinity":44,"b:186:8:186:23:186:23:186:34":13,"s:186:34:186:Infinity":45,"s:189:8:189:Infinity":46,"f:189:27:189:33":14,"s:189:33:189:72":47,"s:191:2:224:Infinity":48,"f:199:24:199:25":15,"s:200:14:210:Infinity":49,"f:205:26:205:32":16,"s:205:32:205:Infinity":50,"f:207:30:207:31":17,"s:207:40:207:Infinity":51,"f:209:34:209:40":18,"s:209:40:209:Infinity":52,"f:219:17:219:23":19,"s:219:23:219:Infinity":53}}}
,"C:\\Repos\\sounds-bored\\src\\components\\composite\\PadConfigDrawer\\LayerConfigSection.tsx": {"path":"C:\\Repos\\sounds-bored\\src\\components\\composite\\PadConfigDrawer\\LayerConfigSection.tsx","statementMap":{"0":{"start":{"line":11,"column":80},"end":{"line":15,"column":null}},"1":{"start":{"line":17,"column":28},"end":{"line":21,"column":null}},"2":{"start":{"line":23,"column":30},"end":{"line":27,"column":null}},"3":{"start":{"line":29,"column":104},"end":{"line":34,"column":null}},"4":{"start":{"line":38,"column":55},"end":{"line":42,"column":null}},"5":{"start":{"line":44,"column":57},"end":{"line":48,"column":null}},"6":{"start":{"line":50,"column":56},"end":{"line":53,"column":null}},"7":{"start":{"line":55,"column":59},"end":{"line":59,"column":null}},"8":{"start":{"line":61,"column":55},"end":{"line":66,"column":null}},"9":{"start":{"line":71,"column":2},"end":{"line":83,"column":null}},"10":{"start":{"line":95,"column":2},"end":{"line":101,"column":null}},"11":{"start":{"line":96,"column":4},"end":{"line":99,"column":null}},"12":{"start":{"line":97,"column":6},"end":{"line":97,"column":null}},"13":{"start":{"line":97,"column":31},"end":{"line":97,"column":null}},"14":{"start":{"line":98,"column":6},"end":{"line":98,"column":null}},"15":{"start":{"line":98,"column":30},"end":{"line":98,"column":null}},"16":{"start":{"line":100,"column":4},"end":{"line":100,"column":null}},"17":{"start":{"line":104,"column":2},"end":{"line":117,"column":null}},"18":{"start":{"line":105,"column":4},"end":{"line":106,"column":null}},"19":{"start":{"line":106,"column":6},"end":{"line":106,"column":null}},"20":{"start":{"line":108,"column":4},"end":{"line":112,"column":null}},"21":{"start":{"line":109,"column":6},"end":{"line":111,"column":null}},"22":{"start":{"line":114,"column":4},"end":{"line":116,"column":null}},"23":{"start":{"line":120,"column":2},"end":{"line":124,"column":null}},"24":{"start":{"line":121,"column":4},"end":{"line":123,"column":null}},"25":{"start":{"line":125,"column":2},"end":{"line":125,"column":null}},"26":{"start":{"line":133,"column":2},"end":{"line":142,"column":null}},"27":{"start":{"line":134,"column":4},"end":{"line":138,"column":null}},"28":{"start":{"line":135,"column":6},"end":{"line":137,"column":null}},"29":{"start":{"line":139,"column":4},"end":{"line":141,"column":null}},"30":{"start":{"line":145,"column":2},"end":{"line":149,"column":null}},"31":{"start":{"line":146,"column":4},"end":{"line":148,"column":null}},"32":{"start":{"line":150,"column":2},"end":{"line":152,"column":null}},"33":{"start":{"line":159,"column":2},"end":{"line":160,"column":null}},"34":{"start":{"line":160,"column":4},"end":{"line":160,"column":null}},"35":{"start":{"line":162,"column":2},"end":{"line":170,"column":null}},"36":{"start":{"line":163,"column":47},"end":{"line":168,"column":null}},"37":{"start":{"line":169,"column":4},"end":{"line":169,"column":null}},"38":{"start":{"line":173,"column":45},"end":{"line":178,"column":null}},"39":{"start":{"line":179,"column":2},"end":{"line":179,"column":null}},"40":{"start":{"line":188,"column":2},"end":{"line":198,"column":null}},"41":{"start":{"line":189,"column":4},"end":{"line":193,"column":null}},"42":{"start":{"line":190,"column":6},"end":{"line":192,"column":null}},"43":{"start":{"line":195,"column":4},"end":{"line":197,"column":null}},"44":{"start":{"line":200,"column":88},"end":{"line":216,"column":null}},"45":{"start":{"line":218,"column":2},"end":{"line":218,"column":null}},"46":{"start":{"line":224,"column":2},"end":{"line":228,"column":null}},"47":{"start":{"line":235,"column":2},"end":{"line":243,"column":null}},"48":{"start":{"line":254,"column":58},"end":{"line":254,"column":null}},"49":{"start":{"line":257,"column":17},"end":{"line":257,"column":null}},"50":{"start":{"line":258,"column":16},"end":{"line":258,"column":null}},"51":{"start":{"line":259,"column":24},"end":{"line":259,"column":null}},"52":{"start":{"line":260,"column":22},"end":{"line":260,"column":null}},"53":{"start":{"line":261,"column":20},"end":{"line":261,"column":null}},"54":{"start":{"line":262,"column":23},"end":{"line":262,"column":null}},"55":{"start":{"line":263,"column":24},"end":{"line":263,"column":null}},"56":{"start":{"line":264,"column":24},"end":{"line":266,"column":null}},"57":{"start":{"line":270,"column":18},"end":{"line":270,"column":null}},"58":{"start":{"line":271,"column":18},"end":{"line":271,"column":null}},"59":{"start":{"line":272,"column":20},"end":{"line":272,"column":null}},"60":{"start":{"line":273,"column":18},"end":{"line":273,"column":null}},"61":{"start":{"line":274,"column":18},"end":{"line":274,"column":null}},"62":{"start":{"line":275,"column":18},"end":{"line":275,"column":null}},"63":{"start":{"line":277,"column":26},"end":{"line":277,"column":null}},"64":{"start":{"line":280,"column":4},"end":{"line":280,"column":null}},"65":{"start":{"line":284,"column":4},"end":{"line":284,"column":null}},"66":{"start":{"line":286,"column":4},"end":{"line":289,"column":null}},"67":{"start":{"line":287,"column":6},"end":{"line":287,"column":null}},"68":{"start":{"line":287,"column":36},"end":{"line":287,"column":null}},"69":{"start":{"line":288,"column":6},"end":{"line":288,"column":null}},"70":{"start":{"line":293,"column":28},"end":{"line":293,"column":null}},"71":{"start":{"line":294,"column":27},"end":{"line":296,"column":null}},"72":{"start":{"line":297,"column":29},"end":{"line":297,"column":null}},"73":{"start":{"line":298,"column":26},"end":{"line":298,"column":null}},"74":{"start":{"line":300,"column":2},"end":{"line":477,"column":null}},"75":{"start":{"line":309,"column":10},"end":{"line":310,"column":null}},"76":{"start":{"line":310,"column":12},"end":{"line":310,"column":null}},"77":{"start":{"line":323,"column":12},"end":{"line":323,"column":null}},"78":{"start":{"line":347,"column":12},"end":{"line":348,"column":null}},"79":{"start":{"line":347,"column":48},"end":{"line":347,"column":61}},"80":{"start":{"line":348,"column":14},"end":{"line":348,"column":null}},"81":{"start":{"line":353,"column":14},"end":{"line":358,"column":null}},"82":{"start":{"line":378,"column":14},"end":{"line":386,"column":null}},"83":{"start":{"line":380,"column":38},"end":{"line":380,"column":null}},"84":{"start":{"line":404,"column":12},"end":{"line":405,"column":null}},"85":{"start":{"line":404,"column":50},"end":{"line":404,"column":63}},"86":{"start":{"line":405,"column":14},"end":{"line":405,"column":null}},"87":{"start":{"line":410,"column":14},"end":{"line":415,"column":null}},"88":{"start":{"line":433,"column":12},"end":{"line":434,"column":null}},"89":{"start":{"line":433,"column":51},"end":{"line":433,"column":64}},"90":{"start":{"line":434,"column":14},"end":{"line":434,"column":null}},"91":{"start":{"line":439,"column":31},"end":{"line":439,"column":90}},"92":{"start":{"line":441,"column":16},"end":{"line":446,"column":null}},"93":{"start":{"line":467,"column":12},"end":{"line":473,"column":null}},"94":{"start":{"line":472,"column":38},"end":{"line":472,"column":null}}},"fnMap":{"0":{"name":"InfoTooltip","decl":{"start":{"line":70,"column":9},"end":{"line":70,"column":21}},"loc":{"start":{"line":70,"column":49},"end":{"line":85,"column":null}},"line":70},"1":{"name":"getArrangementHelper","decl":{"start":{"line":89,"column":9},"end":{"line":89,"column":null}},"loc":{"start":{"line":94,"column":17},"end":{"line":126,"column":null}},"line":94},"2":{"name":"getCycleModeHelper","decl":{"start":{"line":128,"column":9},"end":{"line":128,"column":null}},"loc":{"start":{"line":132,"column":17},"end":{"line":153,"column":null}},"line":132},"3":{"name":"getPlaybackModeHelper","decl":{"start":{"line":155,"column":9},"end":{"line":155,"column":null}},"loc":{"start":{"line":158,"column":17},"end":{"line":180,"column":null}},"line":158},"4":{"name":"getRetriggerHelper","decl":{"start":{"line":182,"column":9},"end":{"line":182,"column":null}},"loc":{"start":{"line":187,"column":17},"end":{"line":219,"column":null}},"line":187},"5":{"name":"SectionLabel","decl":{"start":{"line":223,"column":9},"end":{"line":223,"column":22}},"loc":{"start":{"line":223,"column":78},"end":{"line":230,"column":null}},"line":223},"6":{"name":"TabWithTooltip","decl":{"start":{"line":234,"column":9},"end":{"line":234,"column":24}},"loc":{"start":{"line":234,"column":102},"end":{"line":245,"column":null}},"line":234},"7":{"name":"LayerConfigSection","decl":{"start":{"line":253,"column":16},"end":{"line":253,"column":35}},"loc":{"start":{"line":253,"column":71},"end":{"line":479,"column":null}},"line":253},"8":{"name":"handleSelectionTypeChange","decl":{"start":{"line":279,"column":11},"end":{"line":279,"column":37}},"loc":{"start":{"line":279,"column":67},"end":{"line":281,"column":null}},"line":279},"9":{"name":"handleArrangementChange","decl":{"start":{"line":283,"column":11},"end":{"line":283,"column":35}},"loc":{"start":{"line":283,"column":51},"end":{"line":290,"column":null}},"line":283},"10":{"name":"(anonymous_10)","decl":{"start":{"line":308,"column":51},"end":{"line":308,"column":52}},"loc":{"start":{"line":308,"column":58},"end":{"line":311,"column":null}},"line":308},"11":{"name":"(anonymous_11)","decl":{"start":{"line":322,"column":18},"end":{"line":322,"column":19}},"loc":{"start":{"line":323,"column":12},"end":{"line":323,"column":null}},"line":323},"12":{"name":"(anonymous_12)","decl":{"start":{"line":346,"column":25},"end":{"line":346,"column":26}},"loc":{"start":{"line":346,"column":32},"end":{"line":349,"column":null}},"line":346},"13":{"name":"(anonymous_13)","decl":{"start":{"line":347,"column":41},"end":{"line":347,"column":42}},"loc":{"start":{"line":347,"column":48},"end":{"line":347,"column":61}},"line":347},"14":{"name":"(anonymous_14)","decl":{"start":{"line":352,"column":37},"end":{"line":352,"column":38}},"loc":{"start":{"line":353,"column":14},"end":{"line":358,"column":null}},"line":353},"15":{"name":"(anonymous_15)","decl":{"start":{"line":377,"column":20},"end":{"line":377,"column":21}},"loc":{"start":{"line":378,"column":14},"end":{"line":386,"column":null}},"line":378},"16":{"name":"(anonymous_16)","decl":{"start":{"line":380,"column":31},"end":{"line":380,"column":32}},"loc":{"start":{"line":380,"column":38},"end":{"line":380,"column":null}},"line":380},"17":{"name":"(anonymous_17)","decl":{"start":{"line":403,"column":25},"end":{"line":403,"column":26}},"loc":{"start":{"line":403,"column":32},"end":{"line":406,"column":null}},"line":403},"18":{"name":"(anonymous_18)","decl":{"start":{"line":404,"column":43},"end":{"line":404,"column":44}},"loc":{"start":{"line":404,"column":50},"end":{"line":404,"column":63}},"line":404},"19":{"name":"(anonymous_19)","decl":{"start":{"line":409,"column":39},"end":{"line":409,"column":40}},"loc":{"start":{"line":410,"column":14},"end":{"line":415,"column":null}},"line":410},"20":{"name":"(anonymous_20)","decl":{"start":{"line":432,"column":25},"end":{"line":432,"column":26}},"loc":{"start":{"line":432,"column":32},"end":{"line":435,"column":null}},"line":432},"21":{"name":"(anonymous_21)","decl":{"start":{"line":433,"column":44},"end":{"line":433,"column":45}},"loc":{"start":{"line":433,"column":51},"end":{"line":433,"column":64}},"line":433},"22":{"name":"(anonymous_22)","decl":{"start":{"line":439,"column":22},"end":{"line":439,"column":23}},"loc":{"start":{"line":439,"column":31},"end":{"line":439,"column":90}},"line":439},"23":{"name":"(anonymous_23)","decl":{"start":{"line":440,"column":19},"end":{"line":440,"column":20}},"loc":{"start":{"line":441,"column":16},"end":{"line":446,"column":null}},"line":441},"24":{"name":"(anonymous_24)","decl":{"start":{"line":466,"column":18},"end":{"line":466,"column":19}},"loc":{"start":{"line":467,"column":12},"end":{"line":473,"column":null}},"line":467},"25":{"name":"(anonymous_25)","decl":{"start":{"line":472,"column":29},"end":{"line":472,"column":30}},"loc":{"start":{"line":472,"column":38},"end":{"line":472,"column":null}},"line":472}},"branchMap":{"0":{"loc":{"start":{"line":95,"column":2},"end":{"line":101,"column":null}},"type":"if","locations":[{"start":{"line":95,"column":2},"end":{"line":101,"column":null}},{"start":{},"end":{}}],"line":95},"1":{"loc":{"start":{"line":96,"column":4},"end":{"line":99,"column":null}},"type":"if","locations":[{"start":{"line":96,"column":4},"end":{"line":99,"column":null}},{"start":{},"end":{}}],"line":96},"2":{"loc":{"start":{"line":97,"column":6},"end":{"line":97,"column":null}},"type":"if","locations":[{"start":{"line":97,"column":6},"end":{"line":97,"column":null}},{"start":{},"end":{}}],"line":97},"3":{"loc":{"start":{"line":98,"column":6},"end":{"line":98,"column":null}},"type":"if","locations":[{"start":{"line":98,"column":6},"end":{"line":98,"column":null}},{"start":{},"end":{}}],"line":98},"4":{"loc":{"start":{"line":104,"column":2},"end":{"line":117,"column":null}},"type":"if","locations":[{"start":{"line":104,"column":2},"end":{"line":117,"column":null}},{"start":{},"end":{}}],"line":104},"5":{"loc":{"start":{"line":105,"column":4},"end":{"line":106,"column":null}},"type":"if","locations":[{"start":{"line":105,"column":4},"end":{"line":106,"column":null}},{"start":{},"end":{}}],"line":105},"6":{"loc":{"start":{"line":108,"column":4},"end":{"line":112,"column":null}},"type":"if","locations":[{"start":{"line":108,"column":4},"end":{"line":112,"column":null}},{"start":{},"end":{}}],"line":108},"7":{"loc":{"start":{"line":109,"column":13},"end":{"line":111,"column":null}},"type":"cond-expr","locations":[{"start":{"line":110,"column":10},"end":{"line":110,"column":null}},{"start":{"line":111,"column":10},"end":{"line":111,"column":null}}],"line":109},"8":{"loc":{"start":{"line":114,"column":11},"end":{"line":116,"column":null}},"type":"cond-expr","locations":[{"start":{"line":115,"column":8},"end":{"line":115,"column":null}},{"start":{"line":116,"column":8},"end":{"line":116,"column":null}}],"line":114},"9":{"loc":{"start":{"line":120,"column":2},"end":{"line":124,"column":null}},"type":"if","locations":[{"start":{"line":120,"column":2},"end":{"line":124,"column":null}},{"start":{},"end":{}}],"line":120},"10":{"loc":{"start":{"line":121,"column":11},"end":{"line":123,"column":null}},"type":"cond-expr","locations":[{"start":{"line":122,"column":8},"end":{"line":122,"column":null}},{"start":{"line":123,"column":8},"end":{"line":123,"column":null}}],"line":121},"11":{"loc":{"start":{"line":133,"column":2},"end":{"line":142,"column":null}},"type":"if","locations":[{"start":{"line":133,"column":2},"end":{"line":142,"column":null}},{"start":{},"end":{}}],"line":133},"12":{"loc":{"start":{"line":134,"column":4},"end":{"line":138,"column":null}},"type":"if","locations":[{"start":{"line":134,"column":4},"end":{"line":138,"column":null}},{"start":{},"end":{}}],"line":134},"13":{"loc":{"start":{"line":135,"column":13},"end":{"line":137,"column":null}},"type":"cond-expr","locations":[{"start":{"line":136,"column":10},"end":{"line":136,"column":null}},{"start":{"line":137,"column":10},"end":{"line":137,"column":null}}],"line":135},"14":{"loc":{"start":{"line":139,"column":11},"end":{"line":141,"column":null}},"type":"cond-expr","locations":[{"start":{"line":140,"column":8},"end":{"line":140,"column":null}},{"start":{"line":141,"column":8},"end":{"line":141,"column":null}}],"line":139},"15":{"loc":{"start":{"line":145,"column":2},"end":{"line":149,"column":null}},"type":"if","locations":[{"start":{"line":145,"column":2},"end":{"line":149,"column":null}},{"start":{},"end":{}}],"line":145},"16":{"loc":{"start":{"line":146,"column":11},"end":{"line":148,"column":null}},"type":"cond-expr","locations":[{"start":{"line":147,"column":8},"end":{"line":147,"column":null}},{"start":{"line":148,"column":8},"end":{"line":148,"column":null}}],"line":146},"17":{"loc":{"start":{"line":150,"column":9},"end":{"line":152,"column":null}},"type":"cond-expr","locations":[{"start":{"line":151,"column":6},"end":{"line":151,"column":null}},{"start":{"line":152,"column":6},"end":{"line":152,"column":null}}],"line":150},"18":{"loc":{"start":{"line":159,"column":2},"end":{"line":160,"column":null}},"type":"if","locations":[{"start":{"line":159,"column":2},"end":{"line":160,"column":null}},{"start":{},"end":{}}],"line":159},"19":{"loc":{"start":{"line":162,"column":2},"end":{"line":170,"column":null}},"type":"if","locations":[{"start":{"line":162,"column":2},"end":{"line":170,"column":null}},{"start":{},"end":{}}],"line":162},"20":{"loc":{"start":{"line":188,"column":2},"end":{"line":198,"column":null}},"type":"if","locations":[{"start":{"line":188,"column":2},"end":{"line":198,"column":null}},{"start":{},"end":{}}],"line":188},"21":{"loc":{"start":{"line":189,"column":4},"end":{"line":193,"column":null}},"type":"if","locations":[{"start":{"line":189,"column":4},"end":{"line":193,"column":null}},{"start":{},"end":{}}],"line":189},"22":{"loc":{"start":{"line":190,"column":13},"end":{"line":192,"column":null}},"type":"cond-expr","locations":[{"start":{"line":191,"column":10},"end":{"line":191,"column":null}},{"start":{"line":192,"column":10},"end":{"line":192,"column":null}}],"line":190},"23":{"loc":{"start":{"line":195,"column":11},"end":{"line":197,"column":null}},"type":"cond-expr","locations":[{"start":{"line":196,"column":8},"end":{"line":196,"column":null}},{"start":{"line":197,"column":8},"end":{"line":197,"column":null}}],"line":195},"24":{"loc":{"start":{"line":259,"column":24},"end":{"line":259,"column":null}},"type":"binary-expr","locations":[{"start":{"line":259,"column":24},"end":{"line":259,"column":49}},{"start":{"line":259,"column":49},"end":{"line":259,"column":null}}],"line":259},"25":{"loc":{"start":{"line":260,"column":22},"end":{"line":260,"column":null}},"type":"binary-expr","locations":[{"start":{"line":260,"column":22},"end":{"line":260,"column":44}},{"start":{"line":260,"column":44},"end":{"line":260,"column":null}}],"line":260},"26":{"loc":{"start":{"line":261,"column":20},"end":{"line":261,"column":null}},"type":"binary-expr","locations":[{"start":{"line":261,"column":20},"end":{"line":261,"column":40}},{"start":{"line":261,"column":40},"end":{"line":261,"column":null}}],"line":261},"27":{"loc":{"start":{"line":262,"column":23},"end":{"line":262,"column":null}},"type":"binary-expr","locations":[{"start":{"line":262,"column":23},"end":{"line":262,"column":46}},{"start":{"line":262,"column":46},"end":{"line":262,"column":null}}],"line":262},"28":{"loc":{"start":{"line":263,"column":24},"end":{"line":263,"column":null}},"type":"binary-expr","locations":[{"start":{"line":263,"column":24},"end":{"line":263,"column":48}},{"start":{"line":263,"column":48},"end":{"line":263,"column":null}}],"line":263},"29":{"loc":{"start":{"line":264,"column":24},"end":{"line":266,"column":null}},"type":"cond-expr","locations":[{"start":{"line":265,"column":6},"end":{"line":265,"column":null}},{"start":{"line":266,"column":6},"end":{"line":266,"column":null}}],"line":264},"30":{"loc":{"start":{"line":264,"column":24},"end":{"line":264,"column":null}},"type":"binary-expr","locations":[{"start":{"line":264,"column":24},"end":{"line":264,"column":56}},{"start":{"line":264,"column":56},"end":{"line":264,"column":null}}],"line":264},"31":{"loc":{"start":{"line":286,"column":4},"end":{"line":289,"column":null}},"type":"if","locations":[{"start":{"line":286,"column":4},"end":{"line":289,"column":null}},{"start":{},"end":{}}],"line":286},"32":{"loc":{"start":{"line":287,"column":6},"end":{"line":287,"column":null}},"type":"if","locations":[{"start":{"line":287,"column":6},"end":{"line":287,"column":null}},{"start":{},"end":{}}],"line":287},"33":{"loc":{"start":{"line":294,"column":27},"end":{"line":296,"column":null}},"type":"cond-expr","locations":[{"start":{"line":295,"column":6},"end":{"line":295,"column":null}},{"start":{"line":296,"column":6},"end":{"line":296,"column":null}}],"line":294},"34":{"loc":{"start":{"line":294,"column":27},"end":{"line":294,"column":null}},"type":"binary-expr","locations":[{"start":{"line":294,"column":27},"end":{"line":294,"column":59}},{"start":{"line":294,"column":59},"end":{"line":294,"column":null}}],"line":294},"35":{"loc":{"start":{"line":309,"column":10},"end":{"line":310,"column":null}},"type":"if","locations":[{"start":{"line":309,"column":10},"end":{"line":310,"column":null}},{"start":{},"end":{}}],"line":309},"36":{"loc":{"start":{"line":309,"column":14},"end":{"line":309,"column":null}},"type":"binary-expr","locations":[{"start":{"line":309,"column":14},"end":{"line":309,"column":34}},{"start":{"line":309,"column":34},"end":{"line":309,"column":49}},{"start":{"line":309,"column":49},"end":{"line":309,"column":null}}],"line":309},"37":{"loc":{"start":{"line":327,"column":9},"end":{"line":328,"column":null}},"type":"binary-expr","locations":[{"start":{"line":327,"column":9},"end":{"line":327,"column":41}},{"start":{"line":327,"column":41},"end":{"line":327,"column":null}},{"start":{"line":328,"column":10},"end":{"line":328,"column":null}}],"line":327},"38":{"loc":{"start":{"line":330,"column":9},"end":{"line":331,"column":null}},"type":"binary-expr","locations":[{"start":{"line":330,"column":9},"end":{"line":330,"column":36}},{"start":{"line":330,"column":36},"end":{"line":330,"column":null}},{"start":{"line":331,"column":10},"end":{"line":331,"column":null}}],"line":330},"39":{"loc":{"start":{"line":333,"column":9},"end":{"line":334,"column":null}},"type":"binary-expr","locations":[{"start":{"line":333,"column":9},"end":{"line":333,"column":36}},{"start":{"line":333,"column":36},"end":{"line":333,"column":null}},{"start":{"line":334,"column":10},"end":{"line":334,"column":null}}],"line":333},"40":{"loc":{"start":{"line":347,"column":12},"end":{"line":348,"column":null}},"type":"if","locations":[{"start":{"line":347,"column":12},"end":{"line":348,"column":null}},{"start":{},"end":{}}],"line":347},"41":{"loc":{"start":{"line":362,"column":9},"end":{"line":363,"column":null}},"type":"binary-expr","locations":[{"start":{"line":362,"column":9},"end":{"line":362,"column":null}},{"start":{"line":363,"column":10},"end":{"line":363,"column":null}}],"line":362},"42":{"loc":{"start":{"line":365,"column":6},"end":{"line":392,"column":null}},"type":"binary-expr","locations":[{"start":{"line":368,"column":8},"end":{"line":368,"column":40}},{"start":{"line":368,"column":40},"end":{"line":368,"column":null}},{"start":{"line":369,"column":8},"end":{"line":392,"column":null}}],"line":365},"43":{"loc":{"start":{"line":379,"column":23},"end":{"line":379,"column":null}},"type":"cond-expr","locations":[{"start":{"line":379,"column":37},"end":{"line":379,"column":47}},{"start":{"line":379,"column":47},"end":{"line":379,"column":null}}],"line":379},"44":{"loc":{"start":{"line":389,"column":11},"end":{"line":390,"column":null}},"type":"binary-expr","locations":[{"start":{"line":389,"column":11},"end":{"line":389,"column":null}},{"start":{"line":390,"column":12},"end":{"line":390,"column":null}}],"line":389},"45":{"loc":{"start":{"line":404,"column":12},"end":{"line":405,"column":null}},"type":"if","locations":[{"start":{"line":404,"column":12},"end":{"line":405,"column":null}},{"start":{},"end":{}}],"line":404},"46":{"loc":{"start":{"line":419,"column":9},"end":{"line":420,"column":null}},"type":"binary-expr","locations":[{"start":{"line":419,"column":9},"end":{"line":419,"column":null}},{"start":{"line":420,"column":10},"end":{"line":420,"column":null}}],"line":419},"47":{"loc":{"start":{"line":433,"column":12},"end":{"line":434,"column":null}},"type":"if","locations":[{"start":{"line":433,"column":12},"end":{"line":434,"column":null}},{"start":{},"end":{}}],"line":433},"48":{"loc":{"start":{"line":439,"column":31},"end":{"line":439,"column":90}},"type":"binary-expr","locations":[{"start":{"line":439,"column":31},"end":{"line":439,"column":52}},{"start":{"line":439,"column":52},"end":{"line":439,"column":90}}],"line":439},"49":{"loc":{"start":{"line":450,"column":9},"end":{"line":451,"column":null}},"type":"binary-expr","locations":[{"start":{"line":450,"column":9},"end":{"line":450,"column":null}},{"start":{"line":451,"column":10},"end":{"line":451,"column":null}}],"line":450},"50":{"loc":{"start":{"line":460,"column":13},"end":{"line":460,"column":34}},"type":"binary-expr","locations":[{"start":{"line":460,"column":13},"end":{"line":460,"column":30}},{"start":{"line":460,"column":30},"end":{"line":460,"column":34}}],"line":460}},"s":{"0":3,"1":3,"2":3,"3":3,"4":3,"5":3,"6":3,"7":3,"8":3,"9":794,"10":188,"11":146,"12":138,"13":20,"14":118,"15":118,"16":124,"17":42,"18":38,"19":4,"20":34,"21":22,"22":12,"23":4,"24":2,"25":2,"26":42,"27":28,"28":18,"29":10,"30":14,"31":8,"32":6,"33":188,"34":4,"35":184,"36":168,"37":168,"38":16,"39":16,"40":188,"41":8,"42":4,"43":4,"44":180,"45":180,"46":794,"47":2382,"48":188,"49":188,"50":188,"51":188,"52":188,"53":188,"54":188,"55":188,"56":188,"57":188,"58":188,"59":188,"60":188,"61":188,"62":188,"63":188,"64":4,"65":1,"66":1,"67":1,"68":0,"69":1,"70":188,"71":188,"72":188,"73":188,"74":188,"75":4,"76":4,"77":198,"78":1,"79":1,"80":1,"81":564,"82":42,"83":0,"84":1,"85":1,"86":1,"87":564,"88":0,"89":0,"90":0,"91":752,"92":606,"93":192,"94":0},"f":{"0":794,"1":188,"2":42,"3":188,"4":188,"5":794,"6":2382,"7":188,"8":4,"9":1,"10":4,"11":198,"12":1,"13":1,"14":564,"15":42,"16":0,"17":1,"18":1,"19":564,"20":0,"21":0,"22":752,"23":606,"24":192,"25":0},"b":{"0":[146,42],"1":[138,8],"2":[20,118],"3":[2,116],"4":[38,4],"5":[4,34],"6":[22,12],"7":[8,14],"8":[6,6],"9":[2,2],"10":[2,0],"11":[28,14],"12":[18,10],"13":[16,2],"14":[8,2],"15":[8,6],"16":[8,0],"17":[4,2],"18":[4,184],"19":[168,16],"20":[8,180],"21":[4,4],"22":[2,2],"23":[2,2],"24":[188,0],"25":[188,0],"26":[188,0],"27":[188,0],"28":[188,0],"29":[176,12],"30":[188,176],"31":[1,0],"32":[0,1],"33":[42,146],"34":[188,160],"35":[4,0],"36":[4,4,2],"37":[188,176,2],"38":[188,7,1],"39":[188,5,1],"40":[1,0],"41":[188,188],"42":[188,160,42],"43":[16,26],"44":[42,42],"45":[1,0],"46":[188,188],"47":[0,0],"48":[752,188],"49":[188,188],"50":[188,0]},"meta":{"lastBranch":51,"lastFunction":26,"lastStatement":95,"seen":{"s:11:80:15:Infinity":0,"s:17:28:21:Infinity":1,"s:23:30:27:Infinity":2,"s:29:104:34:Infinity":3,"s:38:55:42:Infinity":4,"s:44:57:48:Infinity":5,"s:50:56:53:Infinity":6,"s:55:59:59:Infinity":7,"s:61:55:66:Infinity":8,"f:70:9:70:21":0,"s:71:2:83:Infinity":9,"f:89:9:89:Infinity":1,"b:95:2:101:Infinity:undefined:undefined:undefined:undefined":0,"s:95:2:101:Infinity":10,"b:96:4:99:Infinity:undefined:undefined:undefined:undefined":1,"s:96:4:99:Infinity":11,"b:97:6:97:Infinity:undefined:undefined:undefined:undefined":2,"s:97:6:97:Infinity":12,"s:97:31:97:Infinity":13,"b:98:6:98:Infinity:undefined:undefined:undefined:undefined":3,"s:98:6:98:Infinity":14,"s:98:30:98:Infinity":15,"s:100:4:100:Infinity":16,"b:104:2:117:Infinity:undefined:undefined:undefined:undefined":4,"s:104:2:117:Infinity":17,"b:105:4:106:Infinity:undefined:undefined:undefined:undefined":5,"s:105:4:106:Infinity":18,"s:106:6:106:Infinity":19,"b:108:4:112:Infinity:undefined:undefined:undefined:undefined":6,"s:108:4:112:Infinity":20,"s:109:6:111:Infinity":21,"b:110:10:110:Infinity:111:10:111:Infinity":7,"s:114:4:116:Infinity":22,"b:115:8:115:Infinity:116:8:116:Infinity":8,"b:120:2:124:Infinity:undefined:undefined:undefined:undefined":9,"s:120:2:124:Infinity":23,"s:121:4:123:Infinity":24,"b:122:8:122:Infinity:123:8:123:Infinity":10,"s:125:2:125:Infinity":25,"f:128:9:128:Infinity":2,"b:133:2:142:Infinity:undefined:undefined:undefined:undefined":11,"s:133:2:142:Infinity":26,"b:134:4:138:Infinity:undefined:undefined:undefined:undefined":12,"s:134:4:138:Infinity":27,"s:135:6:137:Infinity":28,"b:136:10:136:Infinity:137:10:137:Infinity":13,"s:139:4:141:Infinity":29,"b:140:8:140:Infinity:141:8:141:Infinity":14,"b:145:2:149:Infinity:undefined:undefined:undefined:undefined":15,"s:145:2:149:Infinity":30,"s:146:4:148:Infinity":31,"b:147:8:147:Infinity:148:8:148:Infinity":16,"s:150:2:152:Infinity":32,"b:151:6:151:Infinity:152:6:152:Infinity":17,"f:155:9:155:Infinity":3,"b:159:2:160:Infinity:undefined:undefined:undefined:undefined":18,"s:159:2:160:Infinity":33,"s:160:4:160:Infinity":34,"b:162:2:170:Infinity:undefined:undefined:undefined:undefined":19,"s:162:2:170:Infinity":35,"s:163:47:168:Infinity":36,"s:169:4:169:Infinity":37,"s:173:45:178:Infinity":38,"s:179:2:179:Infinity":39,"f:182:9:182:Infinity":4,"b:188:2:198:Infinity:undefined:undefined:undefined:undefined":20,"s:188:2:198:Infinity":40,"b:189:4:193:Infinity:undefined:undefined:undefined:undefined":21,"s:189:4:193:Infinity":41,"s:190:6:192:Infinity":42,"b:191:10:191:Infinity:192:10:192:Infinity":22,"s:195:4:197:Infinity":43,"b:196:8:196:Infinity:197:8:197:Infinity":23,"s:200:88:216:Infinity":44,"s:218:2:218:Infinity":45,"f:223:9:223:22":5,"s:224:2:228:Infinity":46,"f:234:9:234:24":6,"s:235:2:243:Infinity":47,"f:253:16:253:35":7,"s:254:58:254:Infinity":48,"s:257:17:257:Infinity":49,"s:258:16:258:Infinity":50,"s:259:24:259:Infinity":51,"b:259:24:259:49:259:49:259:Infinity":24,"s:260:22:260:Infinity":52,"b:260:22:260:44:260:44:260:Infinity":25,"s:261:20:261:Infinity":53,"b:261:20:261:40:261:40:261:Infinity":26,"s:262:23:262:Infinity":54,"b:262:23:262:46:262:46:262:Infinity":27,"s:263:24:263:Infinity":55,"b:263:24:263:48:263:48:263:Infinity":28,"s:264:24:266:Infinity":56,"b:265:6:265:Infinity:266:6:266:Infinity":29,"b:264:24:264:56:264:56:264:Infinity":30,"s:270:18:270:Infinity":57,"s:271:18:271:Infinity":58,"s:272:20:272:Infinity":59,"s:273:18:273:Infinity":60,"s:274:18:274:Infinity":61,"s:275:18:275:Infinity":62,"s:277:26:277:Infinity":63,"f:279:11:279:37":8,"s:280:4:280:Infinity":64,"f:283:11:283:35":9,"s:284:4:284:Infinity":65,"b:286:4:289:Infinity:undefined:undefined:undefined:undefined":31,"s:286:4:289:Infinity":66,"b:287:6:287:Infinity:undefined:undefined:undefined:undefined":32,"s:287:6:287:Infinity":67,"s:287:36:287:Infinity":68,"s:288:6:288:Infinity":69,"s:293:28:293:Infinity":70,"s:294:27:296:Infinity":71,"b:295:6:295:Infinity:296:6:296:Infinity":33,"b:294:27:294:59:294:59:294:Infinity":34,"s:297:29:297:Infinity":72,"s:298:26:298:Infinity":73,"s:300:2:477:Infinity":74,"f:308:51:308:52":10,"b:309:10:310:Infinity:undefined:undefined:undefined:undefined":35,"s:309:10:310:Infinity":75,"b:309:14:309:34:309:34:309:49:309:49:309:Infinity":36,"s:310:12:310:Infinity":76,"f:322:18:322:19":11,"s:323:12:323:Infinity":77,"b:327:9:327:41:327:41:327:Infinity:328:10:328:Infinity":37,"b:330:9:330:36:330:36:330:Infinity:331:10:331:Infinity":38,"b:333:9:333:36:333:36:333:Infinity:334:10:334:Infinity":39,"f:346:25:346:26":12,"b:347:12:348:Infinity:undefined:undefined:undefined:undefined":40,"s:347:12:348:Infinity":78,"f:347:41:347:42":13,"s:347:48:347:61":79,"s:348:14:348:Infinity":80,"f:352:37:352:38":14,"s:353:14:358:Infinity":81,"b:362:9:362:Infinity:363:10:363:Infinity":41,"b:368:8:368:40:368:40:368:Infinity:369:8:392:Infinity":42,"f:377:20:377:21":15,"s:378:14:386:Infinity":82,"b:379:37:379:47:379:47:379:Infinity":43,"f:380:31:380:32":16,"s:380:38:380:Infinity":83,"b:389:11:389:Infinity:390:12:390:Infinity":44,"f:403:25:403:26":17,"b:404:12:405:Infinity:undefined:undefined:undefined:undefined":45,"s:404:12:405:Infinity":84,"f:404:43:404:44":18,"s:404:50:404:63":85,"s:405:14:405:Infinity":86,"f:409:39:409:40":19,"s:410:14:415:Infinity":87,"b:419:9:419:Infinity:420:10:420:Infinity":46,"f:432:25:432:26":20,"b:433:12:434:Infinity:undefined:undefined:undefined:undefined":47,"s:433:12:434:Infinity":88,"f:433:44:433:45":21,"s:433:51:433:64":89,"s:434:14:434:Infinity":90,"f:439:22:439:23":22,"s:439:31:439:90":91,"b:439:31:439:52:439:52:439:90":48,"f:440:19:440:20":23,"s:441:16:446:Infinity":92,"b:450:9:450:Infinity:451:10:451:Infinity":49,"b:460:13:460:30:460:30:460:34":50,"f:466:18:466:19":24,"s:467:12:473:Infinity":93,"f:472:29:472:30":25,"s:472:38:472:Infinity":94}}}
,"C:\\Repos\\sounds-bored\\src\\components\\composite\\PadConfigDrawer\\PadConfigDrawer.tsx": {"path":"C:\\Repos\\sounds-bored\\src\\components\\composite\\PadConfigDrawer\\PadConfigDrawer.tsx","statementMap":{"0":{"start":{"line":25,"column":2},"end":{"line":33,"column":null}},"1":{"start":{"line":37,"column":2},"end":{"line":41,"column":null}},"2":{"start":{"line":55,"column":8},"end":{"line":55,"column":null}},"3":{"start":{"line":56,"column":8},"end":{"line":56,"column":null}},"4":{"start":{"line":56,"column":41},"end":{"line":56,"column":55}},"5":{"start":{"line":57,"column":8},"end":{"line":57,"column":null}},"6":{"start":{"line":57,"column":40},"end":{"line":57,"column":48}},"7":{"start":{"line":58,"column":8},"end":{"line":58,"column":null}},"8":{"start":{"line":58,"column":43},"end":{"line":58,"column":54}},"9":{"start":{"line":59,"column":8},"end":{"line":61,"column":null}},"10":{"start":{"line":60,"column":4},"end":{"line":60,"column":null}},"11":{"start":{"line":63,"column":21},"end":{"line":63,"column":null}},"12":{"start":{"line":65,"column":8},"end":{"line":68,"column":null}},"13":{"start":{"line":70,"column":77},"end":{"line":70,"column":null}},"14":{"start":{"line":73,"column":2},"end":{"line":93,"column":null}},"15":{"start":{"line":74,"column":4},"end":{"line":74,"column":null}},"16":{"start":{"line":74,"column":17},"end":{"line":74,"column":null}},"17":{"start":{"line":75,"column":4},"end":{"line":91,"column":null}},"18":{"start":{"line":76,"column":6},"end":{"line":88,"column":null}},"19":{"start":{"line":78,"column":57},"end":{"line":86,"column":10}},"20":{"start":{"line":90,"column":6},"end":{"line":90,"column":null}},"21":{"start":{"line":96,"column":4},"end":{"line":96,"column":null}},"22":{"start":{"line":97,"column":4},"end":{"line":97,"column":null}},"23":{"start":{"line":98,"column":4},"end":{"line":98,"column":null}},"24":{"start":{"line":102,"column":19},"end":{"line":102,"column":null}},"25":{"start":{"line":103,"column":19},"end":{"line":103,"column":null}},"26":{"start":{"line":104,"column":4},"end":{"line":125,"column":null}},"27":{"start":{"line":105,"column":18},"end":{"line":105,"column":null}},"28":{"start":{"line":106,"column":6},"end":{"line":124,"column":null}},"29":{"start":{"line":107,"column":8},"end":{"line":114,"column":null}},"30":{"start":{"line":109,"column":10},"end":{"line":112,"column":null}},"31":{"start":{"line":113,"column":10},"end":{"line":113,"column":null}},"32":{"start":{"line":115,"column":6},"end":{"line":124,"column":null}},"33":{"start":{"line":116,"column":8},"end":{"line":123,"column":null}},"34":{"start":{"line":116,"column":33},"end":{"line":116,"column":75}},"35":{"start":{"line":118,"column":10},"end":{"line":121,"column":null}},"36":{"start":{"line":122,"column":10},"end":{"line":122,"column":null}},"37":{"start":{"line":126,"column":4},"end":{"line":126,"column":null}},"38":{"start":{"line":126,"column":18},"end":{"line":126,"column":null}},"39":{"start":{"line":128,"column":30},"end":{"line":133,"column":null}},"40":{"start":{"line":134,"column":4},"end":{"line":143,"column":null}},"41":{"start":{"line":135,"column":6},"end":{"line":135,"column":null}},"42":{"start":{"line":136,"column":6},"end":{"line":140,"column":null}},"43":{"start":{"line":137,"column":8},"end":{"line":137,"column":null}},"44":{"start":{"line":138,"column":30},"end":{"line":138,"column":null}},"45":{"start":{"line":138,"column":66},"end":{"line":138,"column":80}},"46":{"start":{"line":139,"column":8},"end":{"line":139,"column":null}},"47":{"start":{"line":139,"column":27},"end":{"line":139,"column":null}},"48":{"start":{"line":142,"column":6},"end":{"line":142,"column":null}},"49":{"start":{"line":144,"column":4},"end":{"line":144,"column":null}},"50":{"start":{"line":147,"column":2},"end":{"line":185,"column":null}},"51":{"start":{"line":151,"column":34},"end":{"line":151,"column":60}},"52":{"start":{"line":151,"column":45},"end":{"line":151,"column":60}},"53":{"start":{"line":190,"column":25},"end":{"line":190,"column":null}},"54":{"start":{"line":191,"column":8},"end":{"line":191,"column":null}},"55":{"start":{"line":191,"column":51},"end":{"line":191,"column":91}},"56":{"start":{"line":192,"column":23},"end":{"line":192,"column":null}},"57":{"start":{"line":193,"column":23},"end":{"line":193,"column":null}},"58":{"start":{"line":195,"column":2},"end":{"line":249,"column":null}},"59":{"start":{"line":219,"column":16},"end":{"line":225,"column":null}},"60":{"start":{"line":222,"column":33},"end":{"line":222,"column":null}},"61":{"start":{"line":235,"column":10},"end":{"line":241,"column":null}},"62":{"start":{"line":240,"column":37},"end":{"line":240,"column":null}}},"fnMap":{"0":{"name":"toLayer","decl":{"start":{"line":24,"column":9},"end":{"line":24,"column":17}},"loc":{"start":{"line":24,"column":47},"end":{"line":34,"column":null}},"line":24},"1":{"name":"defaultPadValues","decl":{"start":{"line":36,"column":9},"end":{"line":36,"column":43}},"loc":{"start":{"line":36,"column":43},"end":{"line":42,"column":null}},"line":36},"2":{"name":"PadConfigDrawer","decl":{"start":{"line":54,"column":16},"end":{"line":54,"column":32}},"loc":{"start":{"line":54,"column":98},"end":{"line":187,"column":null}},"line":54},"3":{"name":"(anonymous_3)","decl":{"start":{"line":56,"column":34},"end":{"line":56,"column":35}},"loc":{"start":{"line":56,"column":41},"end":{"line":56,"column":55}},"line":56},"4":{"name":"(anonymous_4)","decl":{"start":{"line":57,"column":33},"end":{"line":57,"column":34}},"loc":{"start":{"line":57,"column":40},"end":{"line":57,"column":48}},"line":57},"5":{"name":"(anonymous_5)","decl":{"start":{"line":58,"column":36},"end":{"line":58,"column":37}},"loc":{"start":{"line":58,"column":43},"end":{"line":58,"column":54}},"line":58},"6":{"name":"(anonymous_6)","decl":{"start":{"line":59,"column":40},"end":{"line":59,"column":41}},"loc":{"start":{"line":60,"column":4},"end":{"line":60,"column":null}},"line":60},"7":{"name":"(anonymous_7)","decl":{"start":{"line":73,"column":12},"end":{"line":73,"column":18}},"loc":{"start":{"line":73,"column":18},"end":{"line":93,"column":5}},"line":73},"8":{"name":"(anonymous_8)","decl":{"start":{"line":78,"column":49},"end":{"line":78,"column":50}},"loc":{"start":{"line":78,"column":57},"end":{"line":86,"column":10}},"line":78},"9":{"name":"handleClose","decl":{"start":{"line":95,"column":11},"end":{"line":95,"column":25}},"loc":{"start":{"line":95,"column":25},"end":{"line":99,"column":null}},"line":95},"10":{"name":"onSubmit","decl":{"start":{"line":101,"column":11},"end":{"line":101,"column":20}},"loc":{"start":{"line":101,"column":41},"end":{"line":145,"column":null}},"line":101},"11":{"name":"(anonymous_11)","decl":{"start":{"line":104,"column":24},"end":{"line":104,"column":25}},"loc":{"start":{"line":104,"column":38},"end":{"line":125,"column":5}},"line":104},"12":{"name":"(anonymous_12)","decl":{"start":{"line":116,"column":26},"end":{"line":116,"column":27}},"loc":{"start":{"line":116,"column":33},"end":{"line":116,"column":75}},"line":116},"13":{"name":"(anonymous_13)","decl":{"start":{"line":136,"column":28},"end":{"line":136,"column":29}},"loc":{"start":{"line":136,"column":35},"end":{"line":140,"column":7}},"line":136},"14":{"name":"(anonymous_14)","decl":{"start":{"line":138,"column":58},"end":{"line":138,"column":59}},"loc":{"start":{"line":138,"column":66},"end":{"line":138,"column":80}},"line":138},"15":{"name":"(anonymous_15)","decl":{"start":{"line":151,"column":22},"end":{"line":151,"column":23}},"loc":{"start":{"line":151,"column":32},"end":{"line":151,"column":null}},"line":151},"16":{"name":"FadeDurationField","decl":{"start":{"line":189,"column":9},"end":{"line":189,"column":29}},"loc":{"start":{"line":189,"column":29},"end":{"line":251,"column":null}},"line":189},"17":{"name":"(anonymous_17)","decl":{"start":{"line":191,"column":44},"end":{"line":191,"column":45}},"loc":{"start":{"line":191,"column":51},"end":{"line":191,"column":91}},"line":191},"18":{"name":"(anonymous_18)","decl":{"start":{"line":218,"column":22},"end":{"line":218,"column":23}},"loc":{"start":{"line":219,"column":16},"end":{"line":225,"column":null}},"line":219},"19":{"name":"(anonymous_19)","decl":{"start":{"line":222,"column":27},"end":{"line":222,"column":33}},"loc":{"start":{"line":222,"column":33},"end":{"line":222,"column":null}},"line":222},"20":{"name":"(anonymous_20)","decl":{"start":{"line":234,"column":16},"end":{"line":234,"column":17}},"loc":{"start":{"line":235,"column":10},"end":{"line":241,"column":null}},"line":235},"21":{"name":"(anonymous_21)","decl":{"start":{"line":240,"column":27},"end":{"line":240,"column":28}},"loc":{"start":{"line":240,"column":37},"end":{"line":240,"column":null}},"line":240}},"branchMap":{"0":{"loc":{"start":{"line":60,"column":4},"end":{"line":60,"column":null}},"type":"cond-expr","locations":[{"start":{"line":60,"column":26},"end":{"line":60,"column":55}},{"start":{"line":60,"column":55},"end":{"line":60,"column":null}}],"line":60},"1":{"loc":{"start":{"line":74,"column":4},"end":{"line":74,"column":null}},"type":"if","locations":[{"start":{"line":74,"column":4},"end":{"line":74,"column":null}},{"start":{},"end":{}}],"line":74},"2":{"loc":{"start":{"line":75,"column":4},"end":{"line":91,"column":null}},"type":"if","locations":[{"start":{"line":75,"column":4},"end":{"line":91,"column":null}},{"start":{"line":89,"column":11},"end":{"line":91,"column":null}}],"line":75},"3":{"loc":{"start":{"line":75,"column":8},"end":{"line":75,"column":37}},"type":"binary-expr","locations":[{"start":{"line":75,"column":8},"end":{"line":75,"column":22}},{"start":{"line":75,"column":22},"end":{"line":75,"column":37}}],"line":75},"4":{"loc":{"start":{"line":77,"column":14},"end":{"line":77,"column":null}},"type":"binary-expr","locations":[{"start":{"line":77,"column":14},"end":{"line":77,"column":36}},{"start":{"line":77,"column":36},"end":{"line":77,"column":null}}],"line":77},"5":{"loc":{"start":{"line":78,"column":17},"end":{"line":78,"column":45}},"type":"binary-expr","locations":[{"start":{"line":78,"column":17},"end":{"line":78,"column":41}},{"start":{"line":78,"column":41},"end":{"line":78,"column":45}}],"line":78},"6":{"loc":{"start":{"line":106,"column":6},"end":{"line":124,"column":null}},"type":"if","locations":[{"start":{"line":106,"column":6},"end":{"line":124,"column":null}},{"start":{"line":115,"column":6},"end":{"line":124,"column":null}}],"line":106},"7":{"loc":{"start":{"line":107,"column":8},"end":{"line":114,"column":null}},"type":"if","locations":[{"start":{"line":107,"column":8},"end":{"line":114,"column":null}},{"start":{},"end":{}}],"line":107},"8":{"loc":{"start":{"line":115,"column":6},"end":{"line":124,"column":null}},"type":"if","locations":[{"start":{"line":115,"column":6},"end":{"line":124,"column":null}},{"start":{},"end":{}}],"line":115},"9":{"loc":{"start":{"line":116,"column":8},"end":{"line":123,"column":null}},"type":"if","locations":[{"start":{"line":116,"column":8},"end":{"line":123,"column":null}},{"start":{},"end":{}}],"line":116},"10":{"loc":{"start":{"line":116,"column":33},"end":{"line":116,"column":75}},"type":"binary-expr","locations":[{"start":{"line":116,"column":33},"end":{"line":116,"column":63}},{"start":{"line":116,"column":63},"end":{"line":116,"column":75}}],"line":116},"11":{"loc":{"start":{"line":126,"column":4},"end":{"line":126,"column":null}},"type":"if","locations":[{"start":{"line":126,"column":4},"end":{"line":126,"column":null}},{"start":{},"end":{}}],"line":126},"12":{"loc":{"start":{"line":131,"column":24},"end":{"line":131,"column":null}},"type":"binary-expr","locations":[{"start":{"line":131,"column":24},"end":{"line":131,"column":59}},{"start":{"line":131,"column":59},"end":{"line":131,"column":null}}],"line":131},"13":{"loc":{"start":{"line":134,"column":4},"end":{"line":143,"column":null}},"type":"if","locations":[{"start":{"line":134,"column":4},"end":{"line":143,"column":null}},{"start":{"line":141,"column":11},"end":{"line":143,"column":null}}],"line":134},"14":{"loc":{"start":{"line":134,"column":8},"end":{"line":134,"column":29}},"type":"binary-expr","locations":[{"start":{"line":134,"column":8},"end":{"line":134,"column":22}},{"start":{"line":134,"column":22},"end":{"line":134,"column":29}}],"line":134},"15":{"loc":{"start":{"line":139,"column":8},"end":{"line":139,"column":null}},"type":"if","locations":[{"start":{"line":139,"column":8},"end":{"line":139,"column":null}},{"start":{},"end":{}}],"line":139},"16":{"loc":{"start":{"line":151,"column":34},"end":{"line":151,"column":60}},"type":"if","locations":[{"start":{"line":151,"column":34},"end":{"line":151,"column":60}},{"start":{},"end":{}}],"line":151},"17":{"loc":{"start":{"line":152,"column":15},"end":{"line":152,"column":null}},"type":"cond-expr","locations":[{"start":{"line":152,"column":28},"end":{"line":152,"column":41}},{"start":{"line":152,"column":41},"end":{"line":152,"column":null}}],"line":152},"18":{"loc":{"start":{"line":155,"column":13},"end":{"line":158,"column":null}},"type":"binary-expr","locations":[{"start":{"line":155,"column":13},"end":{"line":155,"column":null}},{"start":{"line":156,"column":14},"end":{"line":158,"column":null}}],"line":155},"19":{"loc":{"start":{"line":168,"column":15},"end":{"line":169,"column":null}},"type":"binary-expr","locations":[{"start":{"line":168,"column":15},"end":{"line":168,"column":null}},{"start":{"line":169,"column":16},"end":{"line":169,"column":null}}],"line":168},"20":{"loc":{"start":{"line":191,"column":51},"end":{"line":191,"column":91}},"type":"binary-expr","locations":[{"start":{"line":191,"column":51},"end":{"line":191,"column":87}},{"start":{"line":191,"column":87},"end":{"line":191,"column":91}}],"line":191},"21":{"loc":{"start":{"line":193,"column":23},"end":{"line":193,"column":null}},"type":"binary-expr","locations":[{"start":{"line":193,"column":23},"end":{"line":193,"column":39}},{"start":{"line":193,"column":39},"end":{"line":193,"column":null}}],"line":193},"22":{"loc":{"start":{"line":214,"column":11},"end":{"line":227,"column":null}},"type":"binary-expr","locations":[{"start":{"line":214,"column":11},"end":{"line":214,"column":null}},{"start":{"line":215,"column":12},"end":{"line":227,"column":null}}],"line":214},"23":{"loc":{"start":{"line":239,"column":20},"end":{"line":239,"column":48}},"type":"binary-expr","locations":[{"start":{"line":239,"column":20},"end":{"line":239,"column":35}},{"start":{"line":239,"column":35},"end":{"line":239,"column":48}}],"line":239},"24":{"loc":{"start":{"line":244,"column":7},"end":{"line":247,"column":null}},"type":"cond-expr","locations":[{"start":{"line":245,"column":8},"end":{"line":245,"column":null}},{"start":{"line":247,"column":8},"end":{"line":247,"column":null}}],"line":244}},"s":{"0":8,"1":179,"2":158,"3":158,"4":507,"5":158,"6":481,"7":158,"8":481,"9":158,"10":476,"11":158,"12":158,"13":158,"14":158,"15":61,"16":36,"17":25,"18":12,"19":15,"20":13,"21":8,"22":8,"23":8,"24":7,"25":7,"26":7,"27":8,"28":8,"29":0,"30":0,"31":0,"32":8,"33":0,"34":0,"35":0,"36":0,"37":7,"38":0,"39":7,"40":7,"41":6,"42":6,"43":7,"44":7,"45":10,"46":7,"47":7,"48":1,"49":7,"50":158,"51":0,"52":0,"53":77,"54":77,"55":231,"56":77,"57":77,"58":77,"59":2,"60":0,"61":78,"62":0},"f":{"0":8,"1":179,"2":158,"3":507,"4":481,"5":481,"6":476,"7":61,"8":15,"9":8,"10":7,"11":8,"12":0,"13":7,"14":10,"15":0,"16":77,"17":231,"18":2,"19":0,"20":78,"21":0},"b":{"0":[242,234],"1":[36,25],"2":[12,13],"3":[25,12],"4":[12,0],"5":[12,0],"6":[0,8],"7":[0,0],"8":[0,8],"9":[0,0],"10":[0,0],"11":[0,7],"12":[7,1],"13":[6,1],"14":[7,6],"15":[7,0],"16":[0,0],"17":[80,78],"18":[158,11],"19":[158,1],"20":[231,219],"21":[77,75],"22":[77,2],"23":[78,76],"24":[75,2]},"meta":{"lastBranch":25,"lastFunction":22,"lastStatement":63,"seen":{"f:24:9:24:17":0,"s:25:2:33:Infinity":0,"f:36:9:36:43":1,"s:37:2:41:Infinity":1,"f:54:16:54:32":2,"s:55:8:55:Infinity":2,"s:56:8:56:Infinity":3,"f:56:34:56:35":3,"s:56:41:56:55":4,"s:57:8:57:Infinity":5,"f:57:33:57:34":4,"s:57:40:57:48":6,"s:58:8:58:Infinity":7,"f:58:36:58:37":5,"s:58:43:58:54":8,"s:59:8:61:Infinity":9,"f:59:40:59:41":6,"s:60:4:60:Infinity":10,"b:60:26:60:55:60:55:60:Infinity":0,"s:63:21:63:Infinity":11,"s:65:8:68:Infinity":12,"s:70:77:70:Infinity":13,"s:73:2:93:Infinity":14,"f:73:12:73:18":7,"b:74:4:74:Infinity:undefined:undefined:undefined:undefined":1,"s:74:4:74:Infinity":15,"s:74:17:74:Infinity":16,"b:75:4:91:Infinity:89:11:91:Infinity":2,"s:75:4:91:Infinity":17,"b:75:8:75:22:75:22:75:37":3,"s:76:6:88:Infinity":18,"b:77:14:77:36:77:36:77:Infinity":4,"b:78:17:78:41:78:41:78:45":5,"f:78:49:78:50":8,"s:78:57:86:10":19,"s:90:6:90:Infinity":20,"f:95:11:95:25":9,"s:96:4:96:Infinity":21,"s:97:4:97:Infinity":22,"s:98:4:98:Infinity":23,"f:101:11:101:20":10,"s:102:19:102:Infinity":24,"s:103:19:103:Infinity":25,"s:104:4:125:Infinity":26,"f:104:24:104:25":11,"s:105:18:105:Infinity":27,"b:106:6:124:Infinity:115:6:124:Infinity":6,"s:106:6:124:Infinity":28,"b:107:8:114:Infinity:undefined:undefined:undefined:undefined":7,"s:107:8:114:Infinity":29,"s:109:10:112:Infinity":30,"s:113:10:113:Infinity":31,"b:115:6:124:Infinity:undefined:undefined:undefined:undefined":8,"s:115:6:124:Infinity":32,"b:116:8:123:Infinity:undefined:undefined:undefined:undefined":9,"s:116:8:123:Infinity":33,"f:116:26:116:27":12,"s:116:33:116:75":34,"b:116:33:116:63:116:63:116:75":10,"s:118:10:121:Infinity":35,"s:122:10:122:Infinity":36,"b:126:4:126:Infinity:undefined:undefined:undefined:undefined":11,"s:126:4:126:Infinity":37,"s:126:18:126:Infinity":38,"s:128:30:133:Infinity":39,"b:131:24:131:59:131:59:131:Infinity":12,"b:134:4:143:Infinity:141:11:143:Infinity":13,"s:134:4:143:Infinity":40,"b:134:8:134:22:134:22:134:29":14,"s:135:6:135:Infinity":41,"s:136:6:140:Infinity":42,"f:136:28:136:29":13,"s:137:8:137:Infinity":43,"s:138:30:138:Infinity":44,"f:138:58:138:59":14,"s:138:66:138:80":45,"b:139:8:139:Infinity:undefined:undefined:undefined:undefined":15,"s:139:8:139:Infinity":46,"s:139:27:139:Infinity":47,"s:142:6:142:Infinity":48,"s:144:4:144:Infinity":49,"s:147:2:185:Infinity":50,"f:151:22:151:23":15,"b:151:34:151:60:undefined:undefined:undefined:undefined":16,"s:151:34:151:60":51,"s:151:45:151:60":52,"b:152:28:152:41:152:41:152:Infinity":17,"b:155:13:155:Infinity:156:14:158:Infinity":18,"b:168:15:168:Infinity:169:16:169:Infinity":19,"f:189:9:189:29":16,"s:190:25:190:Infinity":53,"s:191:8:191:Infinity":54,"f:191:44:191:45":17,"s:191:51:191:91":55,"b:191:51:191:87:191:87:191:91":20,"s:192:23:192:Infinity":56,"s:193:23:193:Infinity":57,"b:193:23:193:39:193:39:193:Infinity":21,"s:195:2:249:Infinity":58,"b:214:11:214:Infinity:215:12:227:Infinity":22,"f:218:22:218:23":18,"s:219:16:225:Infinity":59,"f:222:27:222:33":19,"s:222:33:222:Infinity":60,"f:234:16:234:17":20,"s:235:10:241:Infinity":61,"b:239:20:239:35:239:35:239:48":23,"f:240:27:240:28":21,"s:240:37:240:Infinity":62,"b:245:8:245:Infinity:247:8:247:Infinity":24}}}
[...]
:137:Infinity":64,"s:137:20:137:Infinity":65,"s:138:28:141:Infinity":66,"s:142:8:142:Infinity":67,"s:143:8:143:Infinity":68,"f:146:15:146:16":25,"s:147:6:155:Infinity":69,"f:147:10:147:11":26,"b:148:8:148:Infinity:undefined:undefined:undefined:undefined":15,"s:148:8:148:Infinity":70,"s:148:28:148:Infinity":71,"s:149:22:149:Infinity":72,"f:149:48:149:49":27,"s:149:55:149:71":73,"b:150:8:150:Infinity:undefined:undefined:undefined:undefined":16,"s:150:8:150:Infinity":74,"s:150:20:150:Infinity":75,"s:151:20:151:Infinity":76,"f:151:36:151:37":28,"s:151:43:151:57":77,"b:152:8:152:Infinity:undefined:undefined:undefined:undefined":17,"s:152:8:152:Infinity":78,"s:152:18:152:Infinity":79,"s:153:8:153:Infinity":80,"s:154:8:154:Infinity":81,"f:157:15:157:16":29,"s:158:6:166:Infinity":82,"f:158:10:158:11":30,"b:159:8:159:Infinity:undefined:undefined:undefined:undefined":18,"s:159:8:159:Infinity":83,"s:159:28:159:Infinity":84,"s:160:22:160:Infinity":85,"f:160:48:160:49":31,"s:160:55:160:71":86,"b:161:8:161:Infinity:undefined:undefined:undefined:undefined":19,"s:161:8:161:Infinity":87,"s:161:20:161:Infinity":88,"s:162:20:162:Infinity":89,"f:162:41:162:42":32,"s:162:48:162:62":90,"b:163:8:163:Infinity:undefined:undefined:undefined:undefined":20,"s:163:8:163:Infinity":91,"s:163:24:163:Infinity":92,"s:164:8:164:Infinity":93,"s:165:8:165:Infinity":94,"f:168:18:168:19":33,"s:169:6:183:Infinity":95,"f:169:10:169:11":34,"b:170:8:170:Infinity:undefined:undefined:undefined:undefined":21,"s:170:8:170:Infinity":96,"s:170:28:170:Infinity":97,"s:171:22:171:Infinity":98,"f:171:48:171:49":35,"s:171:55:171:71":99,"b:172:8:172:Infinity:undefined:undefined:undefined:undefined":22,"s:172:8:172:Infinity":100,"s:172:20:172:Infinity":101,"s:173:20:173:Infinity":102,"f:173:41:173:42":36,"s:173:48:173:62":103,"b:174:8:174:Infinity:undefined:undefined:undefined:undefined":23,"s:174:8:174:Infinity":104,"s:174:24:174:Infinity":105,"s:175:23:175:Infinity":106,"s:176:31:180:Infinity":107,"f:179:36:179:37":37,"s:179:44:179:78":108,"s:181:8:181:Infinity":109,"s:182:8:182:Infinity":110,"f:185:19:185:20":38,"s:186:6:196:Infinity":111,"f:186:10:186:11":39,"b:187:8:187:Infinity:undefined:undefined:undefined:undefined":24,"s:187:8:187:Infinity":112,"s:187:28:187:Infinity":113,"s:188:27:188:Infinity":114,"b:189:8:189:Infinity:undefined:undefined:undefined:undefined":25,"s:189:8:189:Infinity":115,"b:189:12:189:29:189:29:189:57":26,"s:189:57:189:Infinity":116,"s:191:33:191:Infinity":117,"b:192:8:192:Infinity:undefined:undefined:undefined:undefined":27,"s:192:8:192:Infinity":118,"b:192:12:192:27:192:27:192:55":28,"s:192:55:192:Infinity":119,"s:193:24:193:Infinity":120,"s:194:8:194:Infinity":121,"s:195:8:195:Infinity":122,"f:198:17:198:18":40,"s:199:6:210:Infinity":123,"f:199:10:199:11":41,"b:200:8:200:Infinity:undefined:undefined:undefined:undefined":29,"s:200:8:200:Infinity":124,"s:200:28:200:Infinity":125,"s:201:22:201:Infinity":126,"f:201:48:201:49":42,"s:201:55:201:71":127,"b:202:8:202:Infinity:undefined:undefined:undefined:undefined":30,"s:202:8:202:Infinity":128,"s:202:20:202:Infinity":129,"b:203:8:203:Infinity:undefined:undefined:undefined:undefined":31,"s:203:8:203:Infinity":130,"b:203:12:203:29:203:29:203:61":32,"s:203:61:203:Infinity":131,"s:205:33:205:Infinity":132,"b:206:8:206:Infinity:undefined:undefined:undefined:undefined":33,"s:206:8:206:Infinity":133,"b:206:12:206:27:206:27:206:55":34,"s:206:55:206:Infinity":134,"s:207:24:207:Infinity":135,"s:208:8:208:Infinity":136,"s:209:8:209:Infinity":137}}}
,"C:\\Repos\\sounds-bored\\src\\state\\uiStore.ts": {"path":"C:\\Repos\\sounds-bored\\src\\state\\uiStore.ts","statementMap":{"0":{"start":{"line":11,"column":26},"end":{"line":20,"column":null}},"1":{"start":{"line":46,"column":39},"end":{"line":49,"column":null}},"2":{"start":{"line":51,"column":13},"end":{"line":89,"column":null}},"3":{"start":{"line":51,"column":59},"end":{"line":89,"column":2}},"4":{"start":{"line":55,"column":4},"end":{"line":60,"column":null}},"5":{"start":{"line":56,"column":6},"end":{"line":58,"column":null}},"6":{"start":{"line":56,"column":45},"end":{"line":56,"column":60}},"7":{"start":{"line":57,"column":8},"end":{"line":57,"column":null}},"8":{"start":{"line":59,"column":6},"end":{"line":59,"column":null}},"9":{"start":{"line":63,"column":4},"end":{"line":68,"column":null}},"10":{"start":{"line":64,"column":6},"end":{"line":66,"column":null}},"11":{"start":{"line":64,"column":46},"end":{"line":64,"column":61}},"12":{"start":{"line":65,"column":8},"end":{"line":65,"column":null}},"13":{"start":{"line":67,"column":6},"end":{"line":67,"column":null}},"14":{"start":{"line":67,"column":66},"end":{"line":67,"column":81}},"15":{"start":{"line":71,"column":4},"end":{"line":76,"column":null}},"16":{"start":{"line":72,"column":6},"end":{"line":74,"column":null}},"17":{"start":{"line":72,"column":45},"end":{"line":72,"column":60}},"18":{"start":{"line":73,"column":8},"end":{"line":73,"column":null}},"19":{"start":{"line":73,"column":68},"end":{"line":73,"column":83}},"20":{"start":{"line":75,"column":6},"end":{"line":75,"column":null}},"21":{"start":{"line":78,"column":25},"end":{"line":78,"column":null}},"22":{"start":{"line":78,"column":60},"end":{"line":78,"column":75}},"23":{"start":{"line":81,"column":29},"end":{"line":81,"column":null}},"24":{"start":{"line":82,"column":4},"end":{"line":82,"column":null}},"25":{"start":{"line":85,"column":24},"end":{"line":85,"column":null}},"26":{"start":{"line":88,"column":4},"end":{"line":88,"column":null}},"27":{"start":{"line":88,"column":20},"end":{"line":88,"column":50}},"28":{"start":{"line":94,"column":35},"end":{"line":95,"column":null}},"29":{"start":{"line":94,"column":51},"end":{"line":95,"column":null}},"30":{"start":{"line":95,"column":2},"end":{"line":95,"column":null}},"31":{"start":{"line":95,"column":33},"end":{"line":95,"column":48}},"32":{"start":{"line":97,"column":34},"end":{"line":98,"column":null}},"33":{"start":{"line":97,"column":50},"end":{"line":98,"column":null}},"34":{"start":{"line":98,"column":2},"end":{"line":98,"column":null}},"35":{"start":{"line":100,"column":36},"end":{"line":101,"column":null}},"36":{"start":{"line":101,"column":2},"end":{"line":101,"column":null}}},"fnMap":{"0":{"name":"(anonymous_0)","decl":{"start":{"line":51,"column":44},"end":{"line":51,"column":45}},"loc":{"start":{"line":51,"column":59},"end":{"line":89,"column":2}},"line":51},"1":{"name":"(anonymous_1)","decl":{"start":{"line":54,"column":15},"end":{"line":54,"column":16}},"loc":{"start":{"line":55,"column":4},"end":{"line":60,"column":null}},"line":55},"2":{"name":"(anonymous_2)","decl":{"start":{"line":55,"column":8},"end":{"line":55,"column":9}},"loc":{"start":{"line":55,"column":19},"end":{"line":60,"column":5}},"line":55},"3":{"name":"(anonymous_3)","decl":{"start":{"line":56,"column":34},"end":{"line":56,"column":35}},"loc":{"start":{"line":56,"column":45},"end":{"line":56,"column":60}},"line":56},"4":{"name":"(anonymous_4)","decl":{"start":{"line":62,"column":16},"end":{"line":62,"column":17}},"loc":{"start":{"line":63,"column":4},"end":{"line":68,"column":null}},"line":63},"5":{"name":"(anonymous_5)","decl":{"start":{"line":63,"column":8},"end":{"line":63,"column":9}},"loc":{"start":{"line":63,"column":19},"end":{"line":68,"column":5}},"line":63},"6":{"name":"(anonymous_6)","decl":{"start":{"line":64,"column":35},"end":{"line":64,"column":36}},"loc":{"start":{"line":64,"column":46},"end":{"line":64,"column":61}},"line":64},"7":{"name":"(anonymous_7)","decl":{"start":{"line":67,"column":55},"end":{"line":67,"column":56}},"loc":{"start":{"line":67,"column":66},"end":{"line":67,"column":81}},"line":67},"8":{"name":"(anonymous_8)","decl":{"start":{"line":70,"column":17},"end":{"line":70,"column":18}},"loc":{"start":{"line":71,"column":4},"end":{"line":76,"column":null}},"line":71},"9":{"name":"(anonymous_9)","decl":{"start":{"line":71,"column":8},"end":{"line":71,"column":9}},"loc":{"start":{"line":71,"column":19},"end":{"line":76,"column":5}},"line":71},"10":{"name":"(anonymous_10)","decl":{"start":{"line":72,"column":34},"end":{"line":72,"column":35}},"loc":{"start":{"line":72,"column":45},"end":{"line":72,"column":60}},"line":72},"11":{"name":"(anonymous_11)","decl":{"start":{"line":73,"column":57},"end":{"line":73,"column":58}},"loc":{"start":{"line":73,"column":68},"end":{"line":73,"column":83}},"line":73},"12":{"name":"(anonymous_12)","decl":{"start":{"line":78,"column":17},"end":{"line":78,"column":18}},"loc":{"start":{"line":78,"column":25},"end":{"line":78,"column":null}},"line":78},"13":{"name":"(anonymous_13)","decl":{"start":{"line":78,"column":49},"end":{"line":78,"column":50}},"loc":{"start":{"line":78,"column":60},"end":{"line":78,"column":75}},"line":78},"14":{"name":"(anonymous_14)","decl":{"start":{"line":80,"column":16},"end":{"line":80,"column":17}},"loc":{"start":{"line":80,"column":24},"end":{"line":83,"column":null}},"line":80},"15":{"name":"(anonymous_15)","decl":{"start":{"line":85,"column":18},"end":{"line":85,"column":24}},"loc":{"start":{"line":85,"column":24},"end":{"line":85,"column":null}},"line":85},"16":{"name":"(anonymous_16)","decl":{"start":{"line":87,"column":18},"end":{"line":87,"column":null}},"loc":{"start":{"line":88,"column":4},"end":{"line":88,"column":null}},"line":88},"17":{"name":"(anonymous_17)","decl":{"start":{"line":88,"column":8},"end":{"line":88,"column":9}},"loc":{"start":{"line":88,"column":20},"end":{"line":88,"column":50}},"line":88},"18":{"name":"(anonymous_18)","decl":{"start":{"line":94,"column":35},"end":{"line":94,"column":36}},"loc":{"start":{"line":94,"column":51},"end":{"line":95,"column":null}},"line":94},"19":{"name":"(anonymous_19)","decl":{"start":{"line":94,"column":51},"end":{"line":94,"column":52}},"loc":{"start":{"line":95,"column":2},"end":{"line":95,"column":null}},"line":95},"20":{"name":"(anonymous_20)","decl":{"start":{"line":95,"column":22},"end":{"line":95,"column":23}},"loc":{"start":{"line":95,"column":33},"end":{"line":95,"column":48}},"line":95},"21":{"name":"(anonymous_21)","decl":{"start":{"line":97,"column":34},"end":{"line":97,"column":35}},"loc":{"start":{"line":97,"column":50},"end":{"line":98,"column":null}},"line":97},"22":{"name":"(anonymous_22)","decl":{"start":{"line":97,"column":50},"end":{"line":97,"column":51}},"loc":{"start":{"line":98,"column":2},"end":{"line":98,"column":null}},"line":98},"23":{"name":"(anonymous_23)","decl":{"start":{"line":100,"column":36},"end":{"line":100,"column":37}},"loc":{"start":{"line":101,"column":2},"end":{"line":101,"column":null}},"line":101}},"branchMap":{"0":{"loc":{"start":{"line":56,"column":6},"end":{"line":58,"column":null}},"type":"if","locations":[{"start":{"line":56,"column":6},"end":{"line":58,"column":null}},{"start":{},"end":{}}],"line":56},"1":{"loc":{"start":{"line":64,"column":6},"end":{"line":66,"column":null}},"type":"if","locations":[{"start":{"line":64,"column":6},"end":{"line":66,"column":null}},{"start":{},"end":{}}],"line":64},"2":{"loc":{"start":{"line":72,"column":6},"end":{"line":74,"column":null}},"type":"if","locations":[{"start":{"line":72,"column":6},"end":{"line":74,"column":null}},{"start":{},"end":{}}],"line":72},"3":{"loc":{"start":{"line":82,"column":11},"end":{"line":82,"column":null}},"type":"binary-expr","locations":[{"start":{"line":82,"column":11},"end":{"line":82,"column":38}},{"start":{"line":82,"column":38},"end":{"line":82,"column":null}}],"line":82}},"s":{"0":7,"1":7,"2":7,"3":7,"4":83,"5":83,"6":12,"7":1,"8":82,"9":14,"10":14,"11":14,"12":1,"13":13,"14":16,"15":2,"16":2,"17":1,"18":1,"19":1,"20":1,"21":9,"22":5,"23":4,"24":4,"25":2,"26":4,"27":4,"28":7,"29":259,"30":836,"31":404,"32":7,"33":3,"34":3,"35":7,"36":2},"f":{"0":7,"1":83,"2":83,"3":12,"4":14,"5":14,"6":14,"7":16,"8":2,"9":2,"10":1,"11":1,"12":9,"13":5,"14":4,"15":2,"16":4,"17":4,"18":259,"19":836,"20":404,"21":3,"22":3,"23":2},"b":{"0":[1,82],"1":[1,13],"2":[1,1],"3":[4,3]},"meta":{"lastBranch":4,"lastFunction":24,"lastStatement":37,"seen":{"s:11:26:20:Infinity":0,"s:46:39:49:Infinity":1,"s:51:13:89:Infinity":2,"f:51:44:51:45":0,"s:51:59:89:2":3,"f:54:15:54:16":1,"s:55:4:60:Infinity":4,"f:55:8:55:9":2,"b:56:6:58:Infinity:undefined:undefined:undefined:undefined":0,"s:56:6:58:Infinity":5,"f:56:34:56:35":3,"s:56:45:56:60":6,"s:57:8:57:Infinity":7,"s:59:6:59:Infinity":8,"f:62:16:62:17":4,"s:63:4:68:Infinity":9,"f:63:8:63:9":5,"b:64:6:66:Infinity:undefined:undefined:undefined:undefined":1,"s:64:6:66:Infinity":10,"f:64:35:64:36":6,"s:64:46:64:61":11,"s:65:8:65:Infinity":12,"s:67:6:67:Infinity":13,"f:67:55:67:56":7,"s:67:66:67:81":14,"f:70:17:70:18":8,"s:71:4:76:Infinity":15,"f:71:8:71:9":9,"b:72:6:74:Infinity:undefined:undefined:undefined:undefined":2,"s:72:6:74:Infinity":16,"f:72:34:72:35":10,"s:72:45:72:60":17,"s:73:8:73:Infinity":18,"f:73:57:73:58":11,"s:73:68:73:83":19,"s:75:6:75:Infinity":20,"f:78:17:78:18":12,"s:78:25:78:Infinity":21,"f:78:49:78:50":13,"s:78:60:78:75":22,"f:80:16:80:17":14,"s:81:29:81:Infinity":23,"s:82:4:82:Infinity":24,"b:82:11:82:38:82:38:82:Infinity":3,"f:85:18:85:24":15,"s:85:24:85:Infinity":25,"f:87:18:87:Infinity":16,"s:88:4:88:Infinity":26,"f:88:8:88:9":17,"s:88:20:88:50":27,"s:94:35:95:Infinity":28,"f:94:35:94:36":18,"s:94:51:95:Infinity":29,"f:94:51:94:52":19,"s:95:2:95:Infinity":30,"f:95:22:95:23":20,"s:95:33:95:48":31,"s:97:34:98:Infinity":32,"f:97:34:97:35":21,"s:97:50:98:Infinity":33,"f:97:50:97:51":22,"s:98:2:98:Infinity":34,"s:100:36:101:Infinity":35,"f:100:36:100:37":23,"s:101:2:101:Infinity":36}}}
,"C:\\Repos\\sounds-bored\\src\\state\\updaterStore.ts": {"path":"C:\\Repos\\sounds-bored\\src\\state\\updaterStore.ts","statementMap":{"0":{"start":{"line":8,"column":17},"end":{"line":8,"column":null}},"1":{"start":{"line":23,"column":13},"end":{"line":96,"column":null}},"2":{"start":{"line":23,"column":67},"end":{"line":96,"column":2}},"3":{"start":{"line":31,"column":4},"end":{"line":31,"column":null}},"4":{"start":{"line":32,"column":4},"end":{"line":41,"column":null}},"5":{"start":{"line":33,"column":21},"end":{"line":33,"column":null}},"6":{"start":{"line":34,"column":6},"end":{"line":38,"column":null}},"7":{"start":{"line":35,"column":8},"end":{"line":35,"column":null}},"8":{"start":{"line":37,"column":8},"end":{"line":37,"column":null}},"9":{"start":{"line":40,"column":6},"end":{"line":40,"column":null}},"10":{"start":{"line":45,"column":31},"end":{"line":45,"column":null}},"11":{"start":{"line":46,"column":4},"end":{"line":46,"column":null}},"12":{"start":{"line":46,"column":25},"end":{"line":46,"column":null}},"13":{"start":{"line":48,"column":21},"end":{"line":48,"column":null}},"14":{"start":{"line":51,"column":4},"end":{"line":51,"column":null}},"15":{"start":{"line":53,"column":4},"end":{"line":57,"column":null}},"16":{"start":{"line":59,"column":4},"end":{"line":94,"column":null}},"17":{"start":{"line":60,"column":6},"end":{"line":78,"column":null}},"18":{"start":{"line":61,"column":8},"end":{"line":77,"column":null}},"19":{"start":{"line":63,"column":12},"end":{"line":63,"column":null}},"20":{"start":{"line":64,"column":12},"end":{"line":64,"column":null}},"21":{"start":{"line":66,"column":12},"end":{"line":66,"column":null}},"22":{"start":{"line":67,"column":29},"end":{"line":67,"column":null}},"23":{"start":{"line":68,"column":32},"end":{"line":70,"column":null}},"24":{"start":{"line":71,"column":12},"end":{"line":71,"column":null}},"25":{"start":{"line":72,"column":12},"end":{"line":72,"column":null}},"26":{"start":{"line":73,"column":12},"end":{"line":73,"column":null}},"27":{"start":{"line":76,"column":12},"end":{"line":76,"column":null}},"28":{"start":{"line":80,"column":6},"end":{"line":80,"column":null}},"29":{"start":{"line":81,"column":6},"end":{"line":86,"column":null}},"30":{"start":{"line":84,"column":49},"end":{"line":84,"column":66}},"31":{"start":{"line":88,"column":6},"end":{"line":88,"column":null}},"32":{"start":{"line":89,"column":6},"end":{"line":93,"column":null}}},"fnMap":{"0":{"name":"(anonymous_0)","decl":{"start":{"line":23,"column":52},"end":{"line":23,"column":53}},"loc":{"start":{"line":23,"column":67},"end":{"line":96,"column":2}},"line":23},"1":{"name":"(anonymous_1)","decl":{"start":{"line":30,"column":19},"end":{"line":30,"column":31}},"loc":{"start":{"line":30,"column":31},"end":{"line":42,"column":null}},"line":30},"2":{"name":"(anonymous_2)","decl":{"start":{"line":44,"column":11},"end":{"line":44,"column":23}},"loc":{"start":{"line":44,"column":23},"end":{"line":95,"column":null}},"line":44},"3":{"name":"(anonymous_3)","decl":{"start":{"line":60,"column":46},"end":{"line":60,"column":47}},"loc":{"start":{"line":60,"column":57},"end":{"line":78,"column":7}},"line":60},"4":{"name":"(anonymous_4)","decl":{"start":{"line":84,"column":49},"end":{"line":84,"column":55}},"loc":{"start":{"line":84,"column":49},"end":{"line":84,"column":66}},"line":84}},"branchMap":{"0":{"loc":{"start":{"line":34,"column":6},"end":{"line":38,"column":null}},"type":"if","locations":[{"start":{"line":34,"column":6},"end":{"line":38,"column":null}},{"start":{"line":36,"column":13},"end":{"line":38,"column":null}}],"line":34},"1":{"loc":{"start":{"line":46,"column":4},"end":{"line":46,"column":null}},"type":"if","locations":[{"start":{"line":46,"column":4},"end":{"line":46,"column":null}},{"start":{},"end":{}}],"line":46},"2":{"loc":{"start":{"line":61,"column":8},"end":{"line":77,"column":null}},"type":"switch","locations":[{"start":{"line":62,"column":10},"end":{"line":64,"column":null}},{"start":{"line":65,"column":10},"end":{"line":74,"column":null}},{"start":{"line":75,"column":10},"end":{"line":76,"column":null}}],"line":61},"3":{"loc":{"start":{"line":63,"column":20},"end":{"line":63,"column":null}},"type":"binary-expr","locations":[{"start":{"line":63,"column":20},"end":{"line":63,"column":48}},{"start":{"line":63,"column":48},"end":{"line":63,"column":null}}],"line":63},"4":{"loc":{"start":{"line":67,"column":29},"end":{"line":67,"column":null}},"type":"cond-expr","locations":[{"start":{"line":67,"column":37},"end":{"line":67,"column":78}},{"start":{"line":67,"column":78},"end":{"line":67,"column":null}}],"line":67},"5":{"loc":{"start":{"line":68,"column":32},"end":{"line":70,"column":null}},"type":"cond-expr","locations":[{"start":{"line":69,"column":16},"end":{"line":69,"column":null}},{"start":{"line":70,"column":16},"end":{"line":70,"column":null}}],"line":68}},"s":{"0":1,"1":1,"2":1,"3":0,"4":0,"5":0,"6":0,"7":0,"8":0,"9":0,"10":0,"11":0,"12":0,"13":0,"14":0,"15":0,"16":0,"17":0,"18":0,"19":0,"20":0,"21":0,"22":0,"23":0,"24":0,"25":0,"26":0,"27":0,"28":0,"29":0,"30":0,"31":0,"32":0},"f":{"0":1,"1":0,"2":0,"3":0,"4":0},"b":{"0":[0,0],"1":[0,0],"2":[0,0,0],"3":[0,0],"4":[0,0],"5":[0,0]},"meta":{"lastBranch":6,"lastFunction":5,"lastStatement":33,"seen":{"s:8:17:8:Infinity":0,"s:23:13:96:Infinity":1,"f:23:52:23:53":0,"s:23:67:96:2":2,"f:30:19:30:31":1,"s:31:4:31:Infinity":3,"s:32:4:41:Infinity":4,"s:33:21:33:Infinity":5,"b:34:6:38:Infinity:36:13:38:Infinity":0,"s:34:6:38:Infinity":6,"s:35:8:35:Infinity":7,"s:37:8:37:Infinity":8,"s:40:6:40:Infinity":9,"f:44:11:44:23":2,"s:45:31:45:Infinity":10,"b:46:4:46:Infinity:undefined:undefined:undefined:undefined":1,"s:46:4:46:Infinity":11,"s:46:25:46:Infinity":12,"s:48:21:48:Infinity":13,"s:51:4:51:Infinity":14,"s:53:4:57:Infinity":15,"s:59:4:94:Infinity":16,"s:60:6:78:Infinity":17,"f:60:46:60:47":3,"b:62:10:64:Infinity:65:10:74:Infinity:75:10:76:Infinity":2,"s:61:8:77:Infinity":18,"s:63:12:63:Infinity":19,"b:63:20:63:48:63:48:63:Infinity":3,"s:64:12:64:Infinity":20,"s:66:12:66:Infinity":21,"s:67:29:67:Infinity":22,"b:67:37:67:78:67:78:67:Infinity":4,"s:68:32:70:Infinity":23,"b:69:16:69:Infinity:70:16:70:Infinity":5,"s:71:12:71:Infinity":24,"s:72:12:72:Infinity":25,"s:73:12:73:Infinity":26,"s:76:12:76:Infinity":27,"s:80:6:80:Infinity":28,"s:81:6:86:Infinity":29,"f:84:49:84:55":4,"s:84:49:84:66":30,"s:88:6:88:Infinity":31,"s:89:6:93:Infinity":32}}}
}
